New log file opened at Tue Apr 19 14:28:04 PDT 2016 by 41001@ubuntu
jvm 41001@ubuntu
jvm vmName=Java HotSpot(TM) 64-Bit Server VM vmVendor=Oracle Corporation vmVersion=25.66-b17
jvm specName=Java Virtual Machine Specification specVendor=Oracle Corporation specVersion=1.8
jvm arguments: [-Xms256m, -Xmx1024m, -XX:MetaspaceSize=64m, -XX:MaxMetaspaceSize=256m]
Starting event engine
Starting sbt command engine
Waiting for sbt command engine
Command engine arguments=List()
Command engine baseDirectory=/home/chenxi/project/just-play-scala/bin/Final_FB_recommend_UI
Command engine initial remaining commands List(--initialize, onFailure load-failed, boot, server-send-ready-for-request, server-handle-next-server-request)
> --initialize
> initialize
> onFailure load-failed
> boot
> reload
[Loading] Scanning directory /home/chenxi/project/just-play-scala/bin/Final_FB_recommend_UI/project
[Loading] Found non-root projects 
[Loading] Done in /home/chenxi/project/just-play-scala/bin/Final_FB_recommend_UI/project, returning: ()
deducing auto plugins based on known facts Set(Atom(sbt.plugins.CorePlugin)) and clauses Clauses(List(Clause(Atom(sbt.plugins.JvmPlugin),Set(Atom(sbt.plugins.IvyPlugin))), Clause(Atom(sbt.plugins.JUnitXmlReportPlugin),Set(Atom(sbt.plugins.JvmPlugin))), Clause(Atom(sbt.plugins.CorePlugin),Set(Atom(sbt.plugins.IvyPlugin))), Clause(Atom(sbt.plugins.IvyPlugin),Set(Atom(sbt.plugins.JvmPlugin))), Clause(Atom(sbt.plugins.JvmPlugin),Set(Atom(sbt.plugins.JUnitXmlReportPlugin)))))
  :: deduced result: Matched(sbt.plugins.CorePlugin,sbt.plugins.IvyPlugin,sbt.plugins.JvmPlugin,sbt.plugins.JUnitXmlReportPlugin)
sorting: ns: List(sbt.plugins.CorePlugin, sbt.plugins.IvyPlugin, sbt.plugins.JvmPlugin, sbt.plugins.JUnitXmlReportPlugin)
  :: sorting:: found: List(sbt.plugins.CorePlugin) not found List(sbt.plugins.IvyPlugin, sbt.plugins.JvmPlugin, sbt.plugins.JUnitXmlReportPlugin)
  :: sorting:: found: List(sbt.plugins.CorePlugin, sbt.plugins.IvyPlugin) not found List(sbt.plugins.JvmPlugin, sbt.plugins.JUnitXmlReportPlugin)
  :: sorting:: found: List(sbt.plugins.CorePlugin, sbt.plugins.IvyPlugin, sbt.plugins.JvmPlugin) not found List(sbt.plugins.JUnitXmlReportPlugin)
  :: sorting:: found: List(sbt.plugins.CorePlugin, sbt.plugins.IvyPlugin, sbt.plugins.JvmPlugin, sbt.plugins.JUnitXmlReportPlugin) not found List()
  :: sorted deduced result: List(sbt.plugins.CorePlugin, sbt.plugins.IvyPlugin, sbt.plugins.JvmPlugin, sbt.plugins.JUnitXmlReportPlugin)
[Loading] Done in /home/chenxi/project/just-play-scala/bin/Final_FB_recommend_UI/project, returning: (final_fb_recommend_ui-build)
Loading project definition from /home/chenxi/project/just-play-scala/bin/Final_FB_recommend_UI/project
Running task... Cancel: sbt.TaskCancellationStrategy$Null$@21aa7aab, check cycles: false

Initial source changes: 
	removed:Set()
	added: Set()
	modified: Set()
Removed products: Set()
External API changes: API Changes: Set()
Modified binary dependencies: Set()
Initial directly invalidated sources: Set()

Sources indirectly invalidated by:
	product: Set()
	binary dep: Set()
	external source: Set()
All initially invalidated sources: Set()

Copy resource mappings: 
	
[Loading] Scanning directory /home/chenxi/project/just-play-scala/bin/Final_FB_recommend_UI
[Loading] Found root project root w/ remaining 
deducing auto plugins based on known facts Set(Atom(play.PlayScala), Atom(sbt.plugins.CorePlugin)) and clauses Clauses(List(Clause(Atom(sbt.plugins.JvmPlugin),Set(Atom(sbt.plugins.IvyPlugin))), Clause(Atom(sbt.plugins.JUnitXmlReportPlugin),Set(Atom(sbt.plugins.JvmPlugin))), Clause(Atom(sbt.plugins.BackgroundRunPlugin),Set(Atom(sbt.plugins.JvmPlugin))), Clause(Atom(play.Play),Set(Atom(com.typesafe.sbt.webdriver.SbtWebDriver))), Clause(Atom(play.Play),Set(Atom(play.twirl.sbt.SbtTwirl))), Clause(Atom(play.Play),Set(Atom(com.typesafe.sbt.jse.SbtJsTask))), Clause(Atom(play.PlayJava),Set(Atom(play.Play))), Clause(Atom(play.PlayScala),Set(Atom(play.Play))), Clause(Atom(play.twirl.sbt.SbtTwirl),Set(Atom(sbt.plugins.JvmPlugin))), Clause(Atom(com.typesafe.sbt.jse.SbtJsEngine),Set(Atom(com.typesafe.sbt.web.SbtWeb))), Clause(Atom(com.typesafe.sbt.jse.SbtJsTask),Set(Atom(com.typesafe.sbt.jse.SbtJsEngine))), Clause(Atom(com.typesafe.sbt.webdriver.SbtWebDriver),Set(Atom(com.typesafe.sbt.web.SbtWeb))), Clause(Atom(play.sbt.forkrun.PlayForkRun),Set(Atom(sbt.plugins.BackgroundRunPlugin))), Clause(Atom(play.sbt.forkrun.PlayForkRun),Set(Atom(play.Play))), Clause(Atom(play.sbt.forkrun.PlayForkRun),Set(Atom(sbt.plugins.SerializersPlugin))), Clause(Atom(sbt.plugins.CorePlugin),Set(Atom(sbt.plugins.IvyPlugin))), Clause(Atom(sbt.plugins.IvyPlugin),Set(Atom(sbt.plugins.JvmPlugin))), Clause(Atom(sbt.plugins.JvmPlugin),Set(Atom(sbt.plugins.JUnitXmlReportPlugin))), Clause(Atom(sbt.plugins.JvmPlugin),Set(Atom(sbt.plugins.BackgroundRunPlugin))), Clause(Atom(sbt.plugins.CorePlugin),Set(Atom(sbt.plugins.InteractionServicePlugin))), Clause(Atom(sbt.plugins.CorePlugin),Set(Atom(sbt.plugins.SendEventServicePlugin))), Clause(Atom(sbt.plugins.CorePlugin),Set(Atom(sbt.plugins.SerializersPlugin))), Clause(Atom(com.typesafe.sbt.web.SbtWeb),Set(Atom(com.typesafe.sbt.jse.SbtJsEngine))), Clause(Atom(com.typesafe.sbt.jse.SbtJsEngine),Set(Atom(com.typesafe.sbt.jse.SbtJsTask))), Clause(Atom(com.typesafe.sbt.web.SbtWeb),Set(Atom(com.typesafe.sbt.webdriver.SbtWebDriver))), Clause(And(Set(Atom(sbt.plugins.BackgroundRunPlugin), Atom(play.Play), Atom(sbt.plugins.SerializersPlugin))),Set(Atom(play.sbt.forkrun.PlayForkRun)))))
  :: deduced result: Matched(sbt.plugins.CorePlugin,play.PlayScala,sbt.plugins.InteractionServicePlugin,sbt.plugins.SendEventServicePlugin,play.Play,sbt.plugins.SerializersPlugin,sbt.plugins.IvyPlugin,sbt.plugins.JvmPlugin,com.typesafe.sbt.jse.SbtJsTask,play.twirl.sbt.SbtTwirl,com.typesafe.sbt.webdriver.SbtWebDriver,sbt.plugins.BackgroundRunPlugin,sbt.plugins.JUnitXmlReportPlugin,com.typesafe.sbt.web.SbtWeb,com.typesafe.sbt.jse.SbtJsEngine,play.sbt.forkrun.PlayForkRun)
sorting: ns: List(sbt.plugins.CorePlugin, play.PlayScala, sbt.plugins.InteractionServicePlugin, sbt.plugins.SendEventServicePlugin, play.Play, sbt.plugins.SerializersPlugin, sbt.plugins.IvyPlugin, sbt.plugins.JvmPlugin, com.typesafe.sbt.jse.SbtJsTask, play.twirl.sbt.SbtTwirl, com.typesafe.sbt.webdriver.SbtWebDriver, sbt.plugins.BackgroundRunPlugin, sbt.plugins.JUnitXmlReportPlugin, com.typesafe.sbt.web.SbtWeb, com.typesafe.sbt.jse.SbtJsEngine, play.sbt.forkrun.PlayForkRun)
  :: sorting:: found: List(sbt.plugins.CorePlugin, com.typesafe.sbt.web.SbtWeb) not found List(play.PlayScala, sbt.plugins.InteractionServicePlugin, sbt.plugins.SendEventServicePlugin, play.Play, sbt.plugins.SerializersPlugin, sbt.plugins.IvyPlugin, sbt.plugins.JvmPlugin, com.typesafe.sbt.jse.SbtJsTask, play.twirl.sbt.SbtTwirl, com.typesafe.sbt.webdriver.SbtWebDriver, sbt.plugins.BackgroundRunPlugin, sbt.plugins.JUnitXmlReportPlugin, com.typesafe.sbt.jse.SbtJsEngine, play.sbt.forkrun.PlayForkRun)
  :: sorting:: found: List(sbt.plugins.CorePlugin, com.typesafe.sbt.web.SbtWeb, sbt.plugins.InteractionServicePlugin, sbt.plugins.SendEventServicePlugin, sbt.plugins.SerializersPlugin, sbt.plugins.IvyPlugin, com.typesafe.sbt.webdriver.SbtWebDriver, com.typesafe.sbt.jse.SbtJsEngine) not found List(play.PlayScala, play.Play, sbt.plugins.JvmPlugin, com.typesafe.sbt.jse.SbtJsTask, play.twirl.sbt.SbtTwirl, sbt.plugins.BackgroundRunPlugin, sbt.plugins.JUnitXmlReportPlugin, play.sbt.forkrun.PlayForkRun)
  :: sorting:: found: List(sbt.plugins.CorePlugin, com.typesafe.sbt.web.SbtWeb, sbt.plugins.InteractionServicePlugin, sbt.plugins.SendEventServicePlugin, sbt.plugins.SerializersPlugin, sbt.plugins.IvyPlugin, com.typesafe.sbt.webdriver.SbtWebDriver, com.typesafe.sbt.jse.SbtJsEngine, sbt.plugins.JvmPlugin, com.typesafe.sbt.jse.SbtJsTask) not found List(play.PlayScala, play.Play, play.twirl.sbt.SbtTwirl, sbt.plugins.BackgroundRunPlugin, sbt.plugins.JUnitXmlReportPlugin, play.sbt.forkrun.PlayForkRun)
  :: sorting:: found: List(sbt.plugins.CorePlugin, com.typesafe.sbt.web.SbtWeb, sbt.plugins.InteractionServicePlugin, sbt.plugins.SendEventServicePlugin, sbt.plugins.SerializersPlugin, sbt.plugins.IvyPlugin, com.typesafe.sbt.webdriver.SbtWebDriver, com.typesafe.sbt.jse.SbtJsEngine, sbt.plugins.JvmPlugin, com.typesafe.sbt.jse.SbtJsTask, play.twirl.sbt.SbtTwirl, sbt.plugins.BackgroundRunPlugin, sbt.plugins.JUnitXmlReportPlugin) not found List(play.PlayScala, play.Play, play.sbt.forkrun.PlayForkRun)
  :: sorting:: found: List(sbt.plugins.CorePlugin, com.typesafe.sbt.web.SbtWeb, sbt.plugins.InteractionServicePlugin, sbt.plugins.SendEventServicePlugin, sbt.plugins.SerializersPlugin, sbt.plugins.IvyPlugin, com.typesafe.sbt.webdriver.SbtWebDriver, com.typesafe.sbt.jse.SbtJsEngine, sbt.plugins.JvmPlugin, com.typesafe.sbt.jse.SbtJsTask, play.twirl.sbt.SbtTwirl, sbt.plugins.BackgroundRunPlugin, sbt.plugins.JUnitXmlReportPlugin, play.Play) not found List(play.PlayScala, play.sbt.forkrun.PlayForkRun)
  :: sorting:: found: List(sbt.plugins.CorePlugin, com.typesafe.sbt.web.SbtWeb, sbt.plugins.InteractionServicePlugin, sbt.plugins.SendEventServicePlugin, sbt.plugins.SerializersPlugin, sbt.plugins.IvyPlugin, com.typesafe.sbt.webdriver.SbtWebDriver, com.typesafe.sbt.jse.SbtJsEngine, sbt.plugins.JvmPlugin, com.typesafe.sbt.jse.SbtJsTask, play.twirl.sbt.SbtTwirl, sbt.plugins.BackgroundRunPlugin, sbt.plugins.JUnitXmlReportPlugin, play.Play, play.PlayScala, play.sbt.forkrun.PlayForkRun) not found List()
  :: sorted deduced result: List(sbt.plugins.CorePlugin, com.typesafe.sbt.web.SbtWeb, sbt.plugins.InteractionServicePlugin, sbt.plugins.SendEventServicePlugin, sbt.plugins.SerializersPlugin, sbt.plugins.IvyPlugin, com.typesafe.sbt.webdriver.SbtWebDriver, com.typesafe.sbt.jse.SbtJsEngine, sbt.plugins.JvmPlugin, com.typesafe.sbt.jse.SbtJsTask, play.twirl.sbt.SbtTwirl, sbt.plugins.BackgroundRunPlugin, sbt.plugins.JUnitXmlReportPlugin, play.Play, play.PlayScala, play.sbt.forkrun.PlayForkRun)
[Loading] Done in /home/chenxi/project/just-play-scala/bin/Final_FB_recommend_UI, returning: (root)
Set current project to Final_FB_recommend_UI (in build file:/home/chenxi/project/just-play-scala/bin/Final_FB_recommend_UI/)
Reapplying settings...
Set current project to Final_FB_recommend_UI (in build file:/home/chenxi/project/just-play-scala/bin/Final_FB_recommend_UI/)
> iflast shell
> server-send-ready-for-request
> server-handle-next-server-request
> compile
Evaluating tasks: compile:compile
Running task... Cancel: sbt.server.ServerTaskCancellation@2d0bacc7, check cycles: false

Initial source changes: 
	removed:Set()
	added: Set()
	modified: Set()
Removed products: Set()
External API changes: API Changes: Set()
Modified binary dependencies: Set()
Initial directly invalidated sources: Set()

Sources indirectly invalidated by:
	product: Set()
	binary dep: Set()
	external source: Set()
All initially invalidated sources: Set()

Total time: 2 s, completed Apr 19, 2016 2:28:10 PM
> server-post-command-cleanup
> server-handle-next-server-request
> {file:/home/chenxi/project/just-play-scala/bin/Final_FB_recommend_UI/}root/compile:discoveredMainClasses
Evaluating tasks: compile:discoveredMainClasses
Running task... Cancel: sbt.server.ServerTaskCancellation@319a4708, check cycles: false

Initial source changes: 
	removed:Set()
	added: Set()
	modified: Set()
Removed products: Set()
External API changes: API Changes: Set()
Modified binary dependencies: Set()
Initial directly invalidated sources: Set()

Sources indirectly invalidated by:
	product: Set()
	binary dep: Set()
	external source: Set()
All initially invalidated sources: Set()

Total time: 1 s, completed Apr 19, 2016 2:28:11 PM
> server-post-command-cleanup
> server-handle-next-server-request
> {file:/home/chenxi/project/just-play-scala/bin/Final_FB_recommend_UI/}root/compile:mainClass
Evaluating tasks: compile:mainClass
Running task... Cancel: sbt.server.ServerTaskCancellation@36665e53, check cycles: false
Total time: 0 s, completed Apr 19, 2016 2:28:11 PM
> server-post-command-cleanup
> server-handle-next-server-request
> {file:/home/chenxi/project/just-play-scala/bin/Final_FB_recommend_UI/}root/compile:discoveredMainClasses
Evaluating tasks: compile:discoveredMainClasses
Running task... Cancel: sbt.server.ServerTaskCancellation@2b2452c5, check cycles: false

Initial source changes: 
	removed:Set()
	added: Set()
	modified: Set()
Removed products: Set()
External API changes: API Changes: Set()
Modified binary dependencies: Set()
Initial directly invalidated sources: Set()

Sources indirectly invalidated by:
	product: Set()
	binary dep: Set()
	external source: Set()
All initially invalidated sources: Set()

Total time: 1 s, completed Apr 19, 2016 2:28:12 PM
> server-post-command-cleanup
> server-handle-next-server-request
> backgroundRun
Evaluating tasks: compile:backgroundRun
Running task... Cancel: sbt.server.ServerTaskCancellation@238cd6eb, check cycles: false
Total time: 0 s, completed Apr 19, 2016 2:28:15 PM
> server-post-command-cleanup
> server-handle-next-server-request
> {file:/home/chenxi/project/just-play-scala/bin/Final_FB_recommend_UI/}root/*:playForkConfig
Evaluating tasks: *:playForkConfig
Running task... Cancel: sbt.server.ServerTaskCancellation@2ddecc62, check cycles: false
Total time: 1 s, completed Apr 19, 2016 2:28:17 PM
> server-post-command-cleanup
> server-handle-next-server-request
> root/playForkNotifyStart http://localhost:9000
Evaluating tasks: *:playForkNotifyStart
Running task... Cancel: sbt.server.ServerTaskCancellation@48308970, check cycles: false
Total time: 0 s, completed Apr 19, 2016 2:28:18 PM
> server-post-command-cleanup
> server-handle-next-server-request
> {file:/home/chenxi/project/just-play-scala/bin/Final_FB_recommend_UI/}root/*:playForkReload
Evaluating tasks: *:playForkReload
Running task... Cancel: sbt.server.ServerTaskCancellation@347edb5, check cycles: false

Initial source changes: 
	removed:Set()
	added: Set()
	modified: Set()
Removed products: Set()
External API changes: API Changes: Set()
Modified binary dependencies: Set()
Initial directly invalidated sources: Set()

Sources indirectly invalidated by:
	product: Set()
	binary dep: Set()
	external source: Set()
All initially invalidated sources: Set()

Copy resource mappings: 
	(/home/chenxi/project/just-play-scala/bin/Final_FB_recommend_UI/conf/routes,/home/chenxi/project/just-play-scala/bin/Final_FB_recommend_UI/target/scala-2.11/classes/routes)
	(/home/chenxi/project/just-play-scala/bin/Final_FB_recommend_UI/conf/application.conf,/home/chenxi/project/just-play-scala/bin/Final_FB_recommend_UI/target/scala-2.11/classes/application.conf)
Total time: 1 s, completed Apr 19, 2016 2:28:28 PM
> server-post-command-cleanup
> server-handle-next-server-request
> compile
Evaluating tasks: compile:compile
Running task... Cancel: sbt.server.ServerTaskCancellation@7325d39c, check cycles: false

Initial source changes: 
	removed:Set()
	added: Set()
	modified: Set(/home/chenxi/project/just-play-scala/bin/Final_FB_recommend_UI/app/controllers/Application.scala)
Removed products: Set()
External API changes: API Changes: Set()
Modified binary dependencies: Set()
Initial directly invalidated sources: Set(/home/chenxi/project/just-play-scala/bin/Final_FB_recommend_UI/app/controllers/Application.scala)

Sources indirectly invalidated by:
	product: Set()
	binary dep: Set()
	external source: Set()
All initially invalidated sources: Set(/home/chenxi/project/just-play-scala/bin/Final_FB_recommend_UI/app/controllers/Application.scala)

Read from stdout: Compiling 1 Scala source to /home/chenxi/project/just-play-scala/bin/Final_FB_recommend_UI/target/scala-2.11/classes...
Compiling 1 Scala source to /home/chenxi/project/just-play-scala/bin/Final_FB_recommend_UI/target/scala-2.11/classes...
Getting compiler-interface from component compiler for Scala 2.11.6
Other repositories:
Default repositories:
Getting compiler-interface from component compiler for Scala 2.11.6
Other repositories:
Default repositories:
Running cached compiler 59f01d3d, interfacing (CompilerInterface) with Scala compiler version 2.11.6
Calling Scala compiler with arguments  (CompilerInterface):
	-deprecation
	-unchecked
	-encoding
	utf8
	-bootclasspath
	/usr/lib/jvm/java-8-oracle/jre/lib/resources.jar:/usr/lib/jvm/java-8-oracle/jre/lib/rt.jar:/usr/lib/jvm/java-8-oracle/jre/lib/sunrsasign.jar:/usr/lib/jvm/java-8-oracle/jre/lib/jsse.jar:/usr/lib/jvm/java-8-oracle/jre/lib/jce.jar:/usr/lib/jvm/java-8-oracle/jre/lib/charsets.jar:/usr/lib/jvm/java-8-oracle/jre/lib/jfr.jar:/usr/lib/jvm/java-8-oracle/jre/classes:/home/chenxi/.ivy2/cache/org.scala-lang/scala-library/jars/scala-library-2.11.6.jar
	-classpath
	/home/chenxi/project/just-play-scala/bin/Final_FB_recommend_UI/target/scala-2.11/classes:/home/chenxi/.ivy2/cache/com.typesafe.play/twirl-api_2.11/jars/twirl-api_2.11-1.0.2.jar:/home/chenxi/.ivy2/cache/org.scala-lang.modules/scala-xml_2.11/bundles/scala-xml_2.11-1.0.1.jar:/home/chenxi/.ivy2/cache/com.typesafe.play/play_2.11/jars/play_2.11-2.3.10.jar:/home/chenxi/.ivy2/cache/com.typesafe.play/build-link/jars/build-link-2.3.10.jar:/home/chenxi/.ivy2/cache/com.typesafe.play/play-exceptions/jars/play-exceptions-2.3.10.jar:/home/chenxi/.ivy2/cache/org.javassist/javassist/bundles/javassist-3.18.2-GA.jar:/home/chenxi/.ivy2/cache/com.typesafe.play/play-iteratees_2.11/jars/play-iteratees_2.11-2.3.10.jar:/home/chenxi/.ivy2/cache/org.scala-stm/scala-stm_2.11/jars/scala-stm_2.11-0.7.jar:/home/chenxi/.ivy2/cache/com.typesafe.play/play-json_2.11/jars/play-json_2.11-2.3.10.jar:/home/chenxi/.ivy2/cache/com.typesafe.play/play-functional_2.11/jars/play-functional_2.11-2.3.10.jar:/home/chenxi/.ivy2/cache/com.typesafe.play/play-datacommons_2.11/jars/play-datacommons_2.11-2.3.10.jar:/home/chenxi/.ivy2/cache/joda-time/joda-time/jars/joda-time-2.3.jar:/home/chenxi/.ivy2/cache/org.joda/joda-convert/jars/joda-convert-1.6.jar:/home/chenxi/.ivy2/cache/io.netty/netty/bundles/netty-3.9.9.Final.jar:/home/chenxi/.ivy2/cache/com.typesafe.netty/netty-http-pipelining/jars/netty-http-pipelining-1.1.2.jar:/home/chenxi/.ivy2/cache/ch.qos.logback/logback-core/jars/logback-core-1.1.1.jar:/home/chenxi/.ivy2/cache/ch.qos.logback/logback-classic/jars/logback-classic-1.1.1.jar:/home/chenxi/.ivy2/cache/com.typesafe.akka/akka-actor_2.11/jars/akka-actor_2.11-2.4.4.jar:/home/chenxi/.ivy2/cache/com.typesafe/config/bundles/config-1.3.0.jar:/home/chenxi/.ivy2/cache/org.scala-lang.modules/scala-java8-compat_2.11/bundles/scala-java8-compat_2.11-0.7.0.jar:/home/chenxi/.ivy2/cache/commons-codec/commons-codec/jars/commons-codec-1.9.jar:/home/chenxi/.ivy2/cache/xerces/xercesImpl/jars/xercesImpl-2.11.0.jar:/home/chenxi/.ivy2/cache/xml-apis/xml-apis/jars/xml-apis-1.4.01.jar:/home/chenxi/.ivy2/cache/javax.transaction/jta/jars/jta-1.1.jar:/home/chenxi/.ivy2/cache/org.apache.spark/spark-core_2.11/jars/spark-core_2.11-1.6.1.jar:/home/chenxi/.ivy2/cache/org.apache.avro/avro-mapred/jars/avro-mapred-1.7.7-hadoop2.jar:/home/chenxi/.ivy2/cache/org.apache.avro/avro-ipc/jars/avro-ipc-1.7.7-tests.jar:/home/chenxi/.ivy2/cache/org.apache.avro/avro-ipc/jars/avro-ipc-1.7.7.jar:/home/chenxi/.ivy2/cache/org.apache.avro/avro/jars/avro-1.7.7.jar:/home/chenxi/.ivy2/cache/org.codehaus.jackson/jackson-core-asl/jars/jackson-core-asl-1.9.13.jar:/home/chenxi/.ivy2/cache/org.codehaus.jackson/jackson-mapper-asl/jars/jackson-mapper-asl-1.9.13.jar:/home/chenxi/.ivy2/cache/org.xerial.snappy/snappy-java/bundles/snappy-java-1.1.2.jar:/home/chenxi/.ivy2/cache/org.apache.commons/commons-compress/jars/commons-compress-1.4.1.jar:/home/chenxi/.ivy2/cache/org.tukaani/xz/jars/xz-1.0.jar:/home/chenxi/.ivy2/cache/org.slf4j/slf4j-api/jars/slf4j-api-1.7.10.jar:/home/chenxi/.ivy2/cache/com.twitter/chill_2.11/jars/chill_2.11-0.5.0.jar:/home/chenxi/.ivy2/cache/com.twitter/chill-java/jars/chill-java-0.5.0.jar:/home/chenxi/.ivy2/cache/com.esotericsoftware.kryo/kryo/bundles/kryo-2.21.jar:/home/chenxi/.ivy2/cache/com.esotericsoftware.reflectasm/reflectasm/jars/reflectasm-1.07-shaded.jar:/home/chenxi/.ivy2/cache/com.esotericsoftware.minlog/minlog/jars/minlog-1.2.jar:/home/chenxi/.ivy2/cache/org.objenesis/objenesis/jars/objenesis-1.2.jar:/home/chenxi/.ivy2/cache/org.apache.xbean/xbean-asm5-shaded/bundles/xbean-asm5-shaded-4.4.jar:/home/chenxi/.ivy2/cache/org.apache.hadoop/hadoop-client/jars/hadoop-client-2.2.0.jar:/home/chenxi/.ivy2/cache/org.apache.hadoop/hadoop-common/jars/hadoop-common-2.2.0.jar:/home/chenxi/.ivy2/cache/org.apache.hadoop/hadoop-annotations/jars/hadoop-annotations-2.2.0.jar:/home/chenxi/.ivy2/cache/com.google.code.findbugs/jsr305/jars/jsr305-1.3.9.jar:/home/chenxi/.ivy2/cache/commons-cli/commons-cli/jars/commons-cli-1.2.jar:/home/chenxi/.ivy2/cache/org.apache.commons/commons-math/jars/commons-math-2.1.jar:/home/chenxi/.ivy2/cache/xmlenc/xmlenc/jars/xmlenc-0.52.jar:/home/chenxi/.ivy2/cache/commons-httpclient/commons-httpclient/jars/commons-httpclient-3.1.jar:/home/chenxi/.ivy2/cache/commons-net/commons-net/jars/commons-net-2.2.jar:/home/chenxi/.ivy2/cache/log4j/log4j/bundles/log4j-1.2.17.jar:/home/chenxi/.ivy2/cache/commons-lang/commons-lang/jars/commons-lang-2.5.jar:/home/chenxi/.ivy2/cache/commons-configuration/commons-configuration/jars/commons-configuration-1.6.jar:/home/chenxi/.ivy2/cache/commons-collections/commons-collections/jars/commons-collections-3.2.1.jar:/home/chenxi/.ivy2/cache/commons-digester/commons-digester/jars/commons-digester-1.8.jar:/home/chenxi/.ivy2/cache/commons-beanutils/commons-beanutils/jars/commons-beanutils-1.7.0.jar:/home/chenxi/.ivy2/cache/commons-beanutils/commons-beanutils-core/jars/commons-beanutils-core-1.8.0.jar:/home/chenxi/.ivy2/cache/com.google.protobuf/protobuf-java/bundles/protobuf-java-2.5.0.jar:/home/chenxi/.ivy2/cache/org.apache.hadoop/hadoop-auth/jars/hadoop-auth-2.2.0.jar:/home/chenxi/.ivy2/cache/org.apache.hadoop/hadoop-hdfs/jars/hadoop-hdfs-2.2.0.jar:/home/chenxi/.ivy2/cache/org.mortbay.jetty/jetty-util/jars/jetty-util-6.1.26.jar:/home/chenxi/.ivy2/cache/org.apache.hadoop/hadoop-mapreduce-client-app/jars/hadoop-mapreduce-client-app-2.2.0.jar:/home/chenxi/.ivy2/cache/org.apache.hadoop/hadoop-mapreduce-client-common/jars/hadoop-mapreduce-client-common-2.2.0.jar:/home/chenxi/.ivy2/cache/org.apache.hadoop/hadoop-yarn-common/jars/hadoop-yarn-common-2.2.0.jar:/home/chenxi/.ivy2/cache/org.apache.hadoop/hadoop-yarn-api/jars/hadoop-yarn-api-2.2.0.jar:/home/chenxi/.ivy2/cache/com.google.inject/guice/jars/guice-3.0.jar:/home/chenxi/.ivy2/cache/javax.inject/javax.inject/jars/javax.inject-1.jar:/home/chenxi/.ivy2/cache/aopalliance/aopalliance/jars/aopalliance-1.0.jar:/home/chenxi/.ivy2/cache/org.sonatype.sisu.inject/cglib/jars/cglib-2.2.1-v20090111.jar:/home/chenxi/.ivy2/cache/com.sun.jersey.jersey-test-framework/jersey-test-framework-grizzly2/jars/jersey-test-framework-grizzly2-1.9.jar:/home/chenxi/.ivy2/cache/com.sun.jersey/jersey-server/bundles/jersey-server-1.9.jar:/home/chenxi/.ivy2/cache/asm/asm/jars/asm-3.1.jar:/home/chenxi/.ivy2/cache/com.sun.jersey/jersey-json/bundles/jersey-json-1.9.jar:/home/chenxi/.ivy2/cache/org.codehaus.jettison/jettison/bundles/jettison-1.1.jar:/home/chenxi/.ivy2/cache/stax/stax-api/jars/stax-api-1.0.1.jar:/home/chenxi/.ivy2/cache/org.codehaus.jackson/jackson-jaxrs/jars/jackson-jaxrs-1.8.3.jar:/home/chenxi/.ivy2/cache/org.codehaus.jackson/jackson-xc/jars/jackson-xc-1.8.3.jar:/home/chenxi/.ivy2/cache/com.sun.jersey.contribs/jersey-guice/jars/jersey-guice-1.9.jar:/home/chenxi/.ivy2/cache/org.apache.hadoop/hadoop-yarn-client/jars/hadoop-yarn-client-2.2.0.jar:/home/chenxi/.ivy2/cache/org.apache.hadoop/hadoop-mapreduce-client-core/jars/hadoop-mapreduce-client-core-2.2.0.jar:/home/chenxi/.ivy2/cache/org.apache.hadoop/hadoop-yarn-server-common/jars/hadoop-yarn-server-common-2.2.0.jar:/home/chenxi/.ivy2/cache/org.apache.hadoop/hadoop-mapreduce-client-shuffle/jars/hadoop-mapreduce-client-shuffle-2.2.0.jar:/home/chenxi/.ivy2/cache/org.apache.hadoop/hadoop-mapreduce-client-jobclient/jars/hadoop-mapreduce-client-jobclient-2.2.0.jar:/home/chenxi/.ivy2/cache/org.apache.spark/spark-launcher_2.11/jars/spark-launcher_2.11-1.6.1.jar:/home/chenxi/.ivy2/cache/org.spark-project.spark/unused/jars/unused-1.0.0.jar:/home/chenxi/.ivy2/cache/org.apache.spark/spark-network-common_2.11/jars/spark-network-common_2.11-1.6.1.jar:/home/chenxi/.ivy2/cache/io.netty/netty-all/jars/netty-all-4.0.29.Final.jar:/home/chenxi/.ivy2/cache/org.apache.spark/spark-network-shuffle_2.11/jars/spark-network-shuffle_2.11-1.6.1.jar:/home/chenxi/.ivy2/cache/org.fusesource.leveldbjni/leveldbjni-all/bundles/leveldbjni-all-1.8.jar:/home/chenxi/.ivy2/cache/com.fasterxml.jackson.core/jackson-databind/bundles/jackson-databind-2.4.4.jar:/home/chenxi/.ivy2/cache/com.fasterxml.jackson.core/jackson-annotations/bundles/jackson-annotations-2.4.4.jar:/home/chenxi/.ivy2/cache/com.fasterxml.jackson.core/jackson-core/bundles/jackson-core-2.4.4.jar:/home/chenxi/.ivy2/cache/org.apache.spark/spark-unsafe_2.11/jars/spark-unsafe_2.11-1.6.1.jar:/home/chenxi/.ivy2/cache/net.java.dev.jets3t/jets3t/jars/jets3t-0.7.1.jar:/home/chenxi/.ivy2/cache/org.apache.curator/curator-recipes/bundles/curator-recipes-2.4.0.jar:/home/chenxi/.ivy2/cache/org.apache.curator/curator-framework/bundles/curator-framework-2.4.0.jar:/home/chenxi/.ivy2/cache/org.apache.curator/curator-client/bundles/curator-client-2.4.0.jar:/home/chenxi/.ivy2/cache/org.apache.zookeeper/zookeeper/jars/zookeeper-3.4.5.jar:/home/chenxi/.ivy2/cache/org.eclipse.jetty.orbit/javax.servlet/orbits/javax.servlet-3.0.0.v201112011016.jar:/home/chenxi/.ivy2/cache/org.apache.commons/commons-lang3/jars/commons-lang3-3.3.2.jar:/home/chenxi/.ivy2/cache/org.apache.commons/commons-math3/jars/commons-math3-3.4.1.jar:/home/chenxi/.ivy2/cache/org.slf4j/jul-to-slf4j/jars/jul-to-slf4j-1.7.10.jar:/home/chenxi/.ivy2/cache/org.slf4j/jcl-over-slf4j/jars/jcl-over-slf4j-1.7.10.jar:/home/chenxi/.ivy2/cache/com.ning/compress-lzf/bundles/compress-lzf-1.0.3.jar:/home/chenxi/.ivy2/cache/net.jpountz.lz4/lz4/jars/lz4-1.3.0.jar:/home/chenxi/.ivy2/cache/org.roaringbitmap/RoaringBitmap/bundles/RoaringBitmap-0.5.11.jar:/home/chenxi/.ivy2/cache/com.typesafe.akka/akka-remote_2.11/jars/akka-remote_2.11-2.3.11.jar:/home/chenxi/.ivy2/cache/org.uncommons.maths/uncommons-maths/jars/uncommons-maths-1.2.2a.jar:/home/chenxi/.ivy2/cache/com.typesafe.akka/akka-slf4j_2.11/jars/akka-slf4j_2.11-2.3.11.jar:/home/chenxi/.ivy2/cache/org.json4s/json4s-jackson_2.11/jars/json4s-jackson_2.11-3.2.10.jar:/home/chenxi/.ivy2/cache/org.json4s/json4s-core_2.11/jars/json4s-core_2.11-3.2.10.jar:/home/chenxi/.ivy2/cache/org.json4s/json4s-ast_2.11/jars/json4s-ast_2.11-3.2.10.jar:/home/chenxi/.ivy2/cache/com.thoughtworks.paranamer/paranamer/jars/paranamer-2.6.jar:/home/chenxi/.ivy2/cache/org.scala-lang/scalap/jars/scalap-2.11.0.jar:/home/chenxi/.ivy2/cache/org.scala-lang/scala-compiler/jars/scala-compiler-2.11.0.jar:/home/chenxi/.ivy2/cache/com.sun.jersey/jersey-core/bundles/jersey-core-1.9.jar:/home/chenxi/.ivy2/cache/org.apache.mesos/mesos/jars/mesos-0.21.1-shaded-protobuf.jar:/home/chenxi/.ivy2/cache/com.clearspring.analytics/stream/jars/stream-2.7.0.jar:/home/chenxi/.ivy2/cache/io.dropwizard.metrics/metrics-core/bundles/metrics-core-3.1.2.jar:/home/chenxi/.ivy2/cache/io.dropwizard.metrics/metrics-jvm/bundles/metrics-jvm-3.1.2.jar:/home/chenxi/.ivy2/cache/io.dropwizard.metrics/metrics-json/bundles/metrics-json-3.1.2.jar:/home/chenxi/.ivy2/cache/io.dropwizard.metrics/metrics-graphite/bundles/metrics-graphite-3.1.2.jar:/home/chenxi/.ivy2/cache/com.fasterxml.jackson.module/jackson-module-scala_2.11/bundles/jackson-module-scala_2.11-2.4.4.jar:/home/chenxi/.ivy2/cache/org.apache.ivy/ivy/jars/ivy-2.4.0.jar:/home/chenxi/.ivy2/cache/oro/oro/jars/oro-2.0.8.jar:/home/chenxi/.ivy2/cache/org.tachyonproject/tachyon-client/jars/tachyon-client-0.8.2.jar:/home/chenxi/.ivy2/cache/commons-io/commons-io/jars/commons-io-2.4.jar:/home/chenxi/.ivy2/cache/org.tachyonproject/tachyon-underfs-hdfs/jars/tachyon-underfs-hdfs-0.8.2.jar:/home/chenxi/.ivy2/cache/org.tachyonproject/tachyon-underfs-s3/jars/tachyon-underfs-s3-0.8.2.jar:/home/chenxi/.ivy2/cache/org.tachyonproject/tachyon-underfs-local/jars/tachyon-underfs-local-0.8.2.jar:/home/chenxi/.ivy2/cache/net.razorvine/pyrolite/jars/pyrolite-4.9.jar:/home/chenxi/.ivy2/cache/net.sf.py4j/py4j/jars/py4j-0.9.jar:/home/chenxi/.ivy2/cache/org.apache.spark/spark-mllib_2.11/jars/spark-mllib_2.11-1.6.1.jar:/home/chenxi/.ivy2/cache/org.apache.spark/spark-streaming_2.11/jars/spark-streaming_2.11-1.6.1.jar:/home/chenxi/.ivy2/cache/org.apache.spark/spark-sql_2.11/jars/spark-sql_2.11-1.6.1.jar:/home/chenxi/.ivy2/cache/org.apache.spark/spark-catalyst_2.11/jars/spark-catalyst_2.11-1.6.1.jar:/home/chenxi/.ivy2/cache/org.scala-lang/scala-reflect/jars/scala-reflect-2.11.7.jar:/home/chenxi/.ivy2/cache/org.codehaus.janino/janino/jars/janino-2.7.8.jar:/home/chenxi/.ivy2/cache/org.codehaus.janino/commons-compiler/jars/commons-compiler-2.7.8.jar:/home/chenxi/.ivy2/cache/org.apache.parquet/parquet-column/jars/parquet-column-1.7.0.jar:/home/chenxi/.ivy2/cache/org.apache.parquet/parquet-common/jars/parquet-common-1.7.0.jar:/home/chenxi/.ivy2/cache/org.apache.parquet/parquet-encoding/jars/parquet-encoding-1.7.0.jar:/home/chenxi/.ivy2/cache/org.apache.parquet/parquet-generator/jars/parquet-generator-1.7.0.jar:/home/chenxi/.ivy2/cache/org.apache.parquet/parquet-hadoop/jars/parquet-hadoop-1.7.0.jar:/home/chenxi/.ivy2/cache/org.apache.parquet/parquet-format/jars/parquet-format-2.3.0-incubating.jar:/home/chenxi/.ivy2/cache/org.apache.parquet/parquet-jackson/jars/parquet-jackson-1.7.0.jar:/home/chenxi/.ivy2/cache/org.apache.spark/spark-graphx_2.11/jars/spark-graphx_2.11-1.6.1.jar:/home/chenxi/.ivy2/cache/com.github.fommil.netlib/core/jars/core-1.1.2.jar:/home/chenxi/.ivy2/cache/net.sourceforge.f2j/arpack_combined_all/jars/arpack_combined_all-0.1.jar:/home/chenxi/.ivy2/cache/org.scalanlp/breeze_2.11/jars/breeze_2.11-0.11.2.jar:/home/chenxi/.ivy2/cache/org.scalanlp/breeze-macros_2.11/jars/breeze-macros_2.11-0.11.2.jar:/home/chenxi/.ivy2/cache/net.sf.opencsv/opencsv/jars/opencsv-2.3.jar:/home/chenxi/.ivy2/cache/com.github.rwl/jtransforms/jars/jtransforms-2.4.0.jar:/home/chenxi/.ivy2/cache/org.spire-math/spire_2.11/jars/spire_2.11-0.7.4.jar:/home/chenxi/.ivy2/cache/org.spire-math/spire-macros_2.11/jars/spire-macros_2.11-0.7.4.jar:/home/chenxi/.ivy2/cache/org.jpmml/pmml-model/jars/pmml-model-1.1.15.jar:/home/chenxi/.ivy2/cache/org.jpmml/pmml-agent/jars/pmml-agent-1.1.15.jar:/home/chenxi/.ivy2/cache/org.jpmml/pmml-schema/jars/pmml-schema-1.1.15.jar:/home/chenxi/.ivy2/cache/com.sun.xml.bind/jaxb-impl/jars/jaxb-impl-2.2.7.jar:/home/chenxi/.ivy2/cache/com.sun.xml.bind/jaxb-core/jars/jaxb-core-2.2.7.jar:/home/chenxi/.ivy2/cache/javax.xml.bind/jaxb-api/jars/jaxb-api-2.2.7.jar:/home/chenxi/.ivy2/cache/com.sun.istack/istack-commons-runtime/jars/istack-commons-runtime-2.16.jar:/home/chenxi/.ivy2/cache/com.sun.xml.fastinfoset/FastInfoset/jars/FastInfoset-1.2.12.jar:/home/chenxi/.ivy2/cache/javax.xml.bind/jsr173_api/jars/jsr173_api-1.0.jar:/home/chenxi/.ivy2/cache/com.restfb/restfb/jars/restfb-1.20.0.jar:/home/chenxi/.ivy2/cache/eu.fakod/neo4j-scala_2.11/jars/neo4j-scala_2.11-0.3.3.jar:/home/chenxi/.ivy2/cache/org.neo4j/neo4j-kernel/jars/neo4j-kernel-2.3.2.jar:/home/chenxi/.ivy2/cache/org.neo4j/neo4j-primitive-collections/jars/neo4j-primitive-collections-2.3.2.jar:/home/chenxi/.ivy2/cache/org.neo4j/neo4j-unsafe/jars/neo4j-unsafe-2.3.2.jar:/home/chenxi/.ivy2/cache/org.neo4j/neo4j-function/jars/neo4j-function-2.3.2.jar:/home/chenxi/.ivy2/cache/org.neo4j/neo4j-io/jars/neo4j-io-2.3.2.jar:/home/chenxi/.ivy2/cache/org.neo4j/neo4j-csv/jars/neo4j-csv-2.3.2.jar:/home/chenxi/.ivy2/cache/org.neo4j/neo4j-logging/jars/neo4j-logging-2.3.2.jar:/home/chenxi/.ivy2/cache/org.neo4j/neo4j-lucene-index/jars/neo4j-lucene-index-2.3.2.jar:/home/chenxi/.ivy2/cache/org.apache.lucene/lucene-core/jars/lucene-core-3.6.2.jar:/home/chenxi/.ivy2/cache/org.neo4j/neo4j-shell/jars/neo4j-shell-2.3.2.jar:/home/chenxi/.ivy2/cache/jline/jline/jars/jline-2.12.jar:/home/chenxi/.ivy2/cache/org.neo4j/neo4j-cypher/jars/neo4j-cypher-2.3.2.jar:/home/chenxi/.ivy2/cache/org.scala-lang.modules/scala-parser-combinators_2.11/bundles/scala-parser-combinators_2.11-1.0.4.jar:/home/chenxi/.ivy2/cache/org.neo4j/neo4j-graph-matching/jars/neo4j-graph-matching-2.3.2.jar:/home/chenxi/.ivy2/cache/org.neo4j/neo4j-graph-algo/jars/neo4j-graph-algo-2.3.2.jar:/home/chenxi/.ivy2/cache/org.neo4j/neo4j-codegen/jars/neo4j-codegen-2.3.2.jar:/home/chenxi/.ivy2/cache/org.ow2.asm/asm/jars/asm-5.0.2.jar:/home/chenxi/.ivy2/cache/org.neo4j/neo4j-cypher-compiler-1.9_2.11/jars/neo4j-cypher-compiler-1.9_2.11-2.0.5.jar:/home/chenxi/.ivy2/cache/org.neo4j/neo4j-cypher-compiler-2.2_2.11/jars/neo4j-cypher-compiler-2.2_2.11-2.2.6.jar:/home/chenxi/.ivy2/cache/org.parboiled/parboiled-scala_2.11/jars/parboiled-scala_2.11-1.1.7.jar:/home/chenxi/.ivy2/cache/org.parboiled/parboiled-core/jars/parboiled-core-1.1.7.jar:/home/chenxi/.ivy2/cache/com.googlecode.concurrentlinkedhashmap/concurrentlinkedhashmap-lru/jars/concurrentlinkedhashmap-lru-1.4.2.jar:/home/chenxi/.ivy2/cache/org.neo4j/neo4j-cypher-compiler-2.3/jars/neo4j-cypher-compiler-2.3-2.3.2.jar:/home/chenxi/.ivy2/cache/org.neo4j/neo4j-cypher-frontend-2.3/jars/neo4j-cypher-frontend-2.3-2.3.2.jar:/home/chenxi/.ivy2/cache/org.sorm-framework/sorm/jars/sorm-0.3.8.jar:/home/chenxi/.ivy2/cache/com.mchange/c3p0/jars/c3p0-0.9.2-pre5.jar:/home/chenxi/.ivy2/cache/com.mchange/mchange-commons-java/jars/mchange-commons-java-0.2.3.jar:/home/chenxi/.ivy2/cache/com.github.nikita-volkov/embrace/jars/embrace-0.1.3.jar:/home/chenxi/.ivy2/cache/com.github.nikita-volkov/sext/jars/sext-0.2.3.jar:/home/chenxi/.ivy2/cache/com.weiglewilczek.slf4s/slf4s_2.9.1/jars/slf4s_2.9.1-1.0.7.jar:/home/chenxi/.ivy2/cache/org.slf4j/slf4j-simple/jars/slf4j-simple-1.6.6.jar:/home/chenxi/.ivy2/cache/com.typesafe.play/play-jdbc_2.11/jars/play-jdbc_2.11-2.3.10.jar:/home/chenxi/.ivy2/cache/com.jolbox/bonecp/bundles/bonecp-0.8.0.RELEASE.jar:/home/chenxi/.ivy2/cache/com.h2database/h2/jars/h2-1.3.175.jar:/home/chenxi/.ivy2/cache/tyrex/tyrex/jars/tyrex-1.0.1.jar:/home/chenxi/.ivy2/cache/com.typesafe.play/play-cache_2.11/jars/play-cache_2.11-2.3.10.jar:/home/chenxi/.ivy2/cache/net.sf.ehcache/ehcache-core/jars/ehcache-core-2.6.8.jar:/home/chenxi/.ivy2/cache/com.typesafe.play/play-ws_2.11/jars/play-ws_2.11-2.3.10.jar:/home/chenxi/.ivy2/cache/com.google.guava/guava/bundles/guava-16.0.1.jar:/home/chenxi/.ivy2/cache/com.ning/async-http-client/jars/async-http-client-1.8.15.jar:/home/chenxi/.ivy2/cache/oauth.signpost/signpost-core/jars/signpost-core-1.2.1.2.jar:/home/chenxi/.ivy2/cache/oauth.signpost/signpost-commonshttp4/jars/signpost-commonshttp4-1.2.1.2.jar:/home/chenxi/.ivy2/cache/org.apache.httpcomponents/httpcore/jars/httpcore-4.0.1.jar:/home/chenxi/.ivy2/cache/org.apache.httpcomponents/httpclient/jars/httpclient-4.0.1.jar:/home/chenxi/.ivy2/cache/commons-logging/commons-logging/jars/commons-logging-1.1.1.jar
Read from stdout: /home/chenxi/project/just-play-scala/bin/Final_FB_recommend_UI/app/controllers/Application.scala:99: This catches all Throwables. If this is really intended, use `case _ : Throwable` to clear this warning.
/home/chenxi/project/just-play-scala/bin/Final_FB_recommend_UI/app/controllers/Application.scala:99: This catches all Throwables. If this is really intended, use `case _ : Throwable` to clear this warning.
Read from stdout: def parseDouble(s: String) = try { Some(s.toDouble) } catch { case _ => None }
def parseDouble(s: String) = try { Some(s.toDouble) } catch { case _ => None }
Read from stdout: ^
                                                                   ^
Read from stdout: /home/chenxi/project/just-play-scala/bin/Final_FB_recommend_UI/app/controllers/Application.scala:30: constructor DefaultFacebookClient in class DefaultFacebookClient is deprecated: see corresponding Javadoc for more information.
/home/chenxi/project/just-play-scala/bin/Final_FB_recommend_UI/app/controllers/Application.scala:30: constructor DefaultFacebookClient in class DefaultFacebookClient is deprecated: see corresponding Javadoc for more information.
Read from stdout: val fbClient = new DefaultFacebookClient(accessToken) 
    val fbClient = new DefaultFacebookClient(accessToken) 
Read from stdout: ^
                   ^
Read from stdout: two warnings found
two warnings found
Scala compilation took 7.339883213 s
New invalidations:
	Set()
Initial set of included nodes: Set()
Previously invalidated, but (transitively) depend on new invalidations:
	Set()
All newly invalidated sources after taking into account (previously) recompiled sources:Set()
Total time: 8 s, completed Apr 19, 2016 2:36:39 PM
> server-post-command-cleanup
> server-handle-next-server-request
> {file:/home/chenxi/project/just-play-scala/bin/Final_FB_recommend_UI/}root/*:playForkReload
Evaluating tasks: *:playForkReload
Running task... Cancel: sbt.server.ServerTaskCancellation@3e0eb181, check cycles: false

Initial source changes: 
	removed:Set()
	added: Set()
	modified: Set()
Removed products: Set()
External API changes: API Changes: Set()
Modified binary dependencies: Set()
Initial directly invalidated sources: Set()

Sources indirectly invalidated by:
	product: Set()
	binary dep: Set()
	external source: Set()
All initially invalidated sources: Set()

Copy resource mappings: 
	(/home/chenxi/project/just-play-scala/bin/Final_FB_recommend_UI/conf/routes,/home/chenxi/project/just-play-scala/bin/Final_FB_recommend_UI/target/scala-2.11/classes/routes)
	(/home/chenxi/project/just-play-scala/bin/Final_FB_recommend_UI/conf/application.conf,/home/chenxi/project/just-play-scala/bin/Final_FB_recommend_UI/target/scala-2.11/classes/application.conf)
Total time: 1 s, completed Apr 19, 2016 2:36:42 PM
> server-post-command-cleanup
> server-handle-next-server-request
> jobStop 1
Evaluating tasks: *:jobStop
Running task... Cancel: sbt.server.ServerTaskCancellation@5ad9baaa, check cycles: false
Total time: 0 s, completed Apr 19, 2016 2:39:56 PM
> server-post-command-cleanup
> server-handle-next-server-request
