2016-04-14 07:01:23.324+0000 INFO  [o.n.k.i.f.CommunityFacadeFactory] No locking implementation specified, defaulting to 'community'
2016-04-14 07:01:23.448+0000 INFO  [o.n.k.AvailabilityGuard] Requirement makes database unavailable: Database available
2016-04-14 07:01:23.457+0000 INFO  [o.n.k.i.DiagnosticsManager] --- INITIALIZED diagnostics START ---
2016-04-14 07:01:23.457+0000 INFO  [o.n.k.i.DiagnosticsManager] Neo4j Kernel properties:
2016-04-14 07:01:23.457+0000 INFO  [o.n.k.i.DiagnosticsManager] ephemeral=false
2016-04-14 07:01:23.457+0000 INFO  [o.n.k.i.DiagnosticsManager] edition=Community
2016-04-14 07:01:23.457+0000 INFO  [o.n.k.i.DiagnosticsManager] Diagnostics providers:
2016-04-14 07:01:23.457+0000 INFO  [o.n.k.i.DiagnosticsManager] org.neo4j.kernel.configuration.Config
2016-04-14 07:01:23.457+0000 INFO  [o.n.k.i.DiagnosticsManager] org.neo4j.kernel.info.DiagnosticsManager
2016-04-14 07:01:23.457+0000 INFO  [o.n.k.i.DiagnosticsManager] SYSTEM_MEMORY
2016-04-14 07:01:23.458+0000 INFO  [o.n.k.i.DiagnosticsManager] JAVA_MEMORY
2016-04-14 07:01:23.458+0000 INFO  [o.n.k.i.DiagnosticsManager] OPERATING_SYSTEM
2016-04-14 07:01:23.458+0000 INFO  [o.n.k.i.DiagnosticsManager] JAVA_VIRTUAL_MACHINE
2016-04-14 07:01:23.458+0000 INFO  [o.n.k.i.DiagnosticsManager] CLASSPATH
2016-04-14 07:01:23.458+0000 INFO  [o.n.k.i.DiagnosticsManager] LIBRARY_PATH
2016-04-14 07:01:23.458+0000 INFO  [o.n.k.i.DiagnosticsManager] SYSTEM_PROPERTIES
2016-04-14 07:01:23.458+0000 INFO  [o.n.k.i.DiagnosticsManager] NETWORK
2016-04-14 07:01:23.458+0000 INFO  [o.n.k.i.DiagnosticsManager] System memory information:
2016-04-14 07:01:23.460+0000 INFO  [o.n.k.i.DiagnosticsManager] Total Physical memory: 8.00 GB
2016-04-14 07:01:23.461+0000 INFO  [o.n.k.i.DiagnosticsManager] Free Physical memory: 121.07 MB
2016-04-14 07:01:23.461+0000 INFO  [o.n.k.i.DiagnosticsManager] Committed virtual memory: 5.90 GB
2016-04-14 07:01:23.462+0000 INFO  [o.n.k.i.DiagnosticsManager] Total swap space: 2.00 GB
2016-04-14 07:01:23.462+0000 INFO  [o.n.k.i.DiagnosticsManager] Free swap space: 1.56 GB
2016-04-14 07:01:23.462+0000 INFO  [o.n.k.i.DiagnosticsManager] JVM memory information:
2016-04-14 07:01:23.463+0000 INFO  [o.n.k.i.DiagnosticsManager] Free  memory: 336.67 MB
2016-04-14 07:01:23.463+0000 INFO  [o.n.k.i.DiagnosticsManager] Total memory: 833.50 MB
2016-04-14 07:01:23.463+0000 INFO  [o.n.k.i.DiagnosticsManager] Max   memory: 1.78 GB
2016-04-14 07:01:23.463+0000 INFO  [o.n.k.i.DiagnosticsManager] Garbage Collector: PS Scavenge: [PS Eden Space, PS Survivor Space]
2016-04-14 07:01:23.463+0000 INFO  [o.n.k.i.DiagnosticsManager] Garbage Collector: PS MarkSweep: [PS Eden Space, PS Survivor Space, PS Old Gen]
2016-04-14 07:01:23.464+0000 INFO  [o.n.k.i.DiagnosticsManager] Memory Pool: Code Cache (Non-heap memory): committed=14.50 MB, used=14.37 MB, max=240.00 MB, threshold=0.00 B
2016-04-14 07:01:23.464+0000 INFO  [o.n.k.i.DiagnosticsManager] Memory Pool: Metaspace (Non-heap memory): committed=55.88 MB, used=54.94 MB, max=-1.00 B, threshold=0.00 B
2016-04-14 07:01:23.464+0000 INFO  [o.n.k.i.DiagnosticsManager] Memory Pool: Compressed Class Space (Non-heap memory): committed=7.13 MB, used=6.92 MB, max=1.00 GB, threshold=0.00 B
2016-04-14 07:01:23.464+0000 INFO  [o.n.k.i.DiagnosticsManager] Memory Pool: PS Eden Space (Heap memory): committed=593.50 MB, used=351.34 MB, max=609.00 MB, threshold=?
2016-04-14 07:01:23.464+0000 INFO  [o.n.k.i.DiagnosticsManager] Memory Pool: PS Survivor Space (Heap memory): committed=28.00 MB, used=27.70 MB, max=28.00 MB, threshold=?
2016-04-14 07:01:23.464+0000 INFO  [o.n.k.i.DiagnosticsManager] Memory Pool: PS Old Gen (Heap memory): committed=212.00 MB, used=117.78 MB, max=1.33 GB, threshold=0.00 B
2016-04-14 07:01:23.464+0000 INFO  [o.n.k.i.DiagnosticsManager] Operating system information:
2016-04-14 07:01:23.465+0000 INFO  [o.n.k.i.DiagnosticsManager] Operating System: Mac OS X; version: 10.11.1; arch: x86_64; cpus: 4
2016-04-14 07:01:23.466+0000 INFO  [o.n.k.i.DiagnosticsManager] Max number of file descriptors: 10.00 kB
2016-04-14 07:01:23.466+0000 INFO  [o.n.k.i.DiagnosticsManager] Number of open file descriptors: 287.00 B
2016-04-14 07:01:23.467+0000 INFO  [o.n.k.i.DiagnosticsManager] Process id: 90147@YangNans-MacBook-Pro.local
2016-04-14 07:01:23.467+0000 INFO  [o.n.k.i.DiagnosticsManager] Byte order: LITTLE_ENDIAN
2016-04-14 07:01:23.467+0000 INFO  [o.n.k.i.DiagnosticsManager] Local timezone: America/New_York
2016-04-14 07:01:23.467+0000 INFO  [o.n.k.i.DiagnosticsManager] JVM information:
2016-04-14 07:01:23.467+0000 INFO  [o.n.k.i.DiagnosticsManager] VM Name: Java HotSpot(TM) 64-Bit Server VM
2016-04-14 07:01:23.467+0000 INFO  [o.n.k.i.DiagnosticsManager] VM Vendor: Oracle Corporation
2016-04-14 07:01:23.467+0000 INFO  [o.n.k.i.DiagnosticsManager] VM Version: 25.25-b02
2016-04-14 07:01:23.467+0000 INFO  [o.n.k.i.DiagnosticsManager] JIT compiler: HotSpot 64-Bit Tiered Compilers
2016-04-14 07:01:23.468+0000 INFO  [o.n.k.i.DiagnosticsManager] VM Arguments: [-Dfile.encoding=UTF-8, -Xbootclasspath/p:/Users/yangnan/Documents/NEU/4th Semester/7200 BigData in Scala/eclipse/plugins/org.scala-lang.scala-library_2.11.7.v20150622-112736-1fbce4612c.jar:/Users/yangnan/Documents/NEU/4th Semester/7200 BigData in Scala/eclipse/plugins/org.scala-lang.scala-reflect_2.11.7.v20150622-112736-1fbce4612c.jar:/Users/yangnan/Documents/NEU/4th Semester/7200 BigData in Scala/eclipse/plugins/org.scala-lang.scala-actors_2.11.7.v20150622-112736-1fbce4612c.jar:/Users/yangnan/Documents/NEU/4th Semester/7200 BigData in Scala/eclipse/plugins/org.scala-lang.scala-compiler_2.11.7.v20150622-112736-1fbce4612c.jar]
2016-04-14 07:01:23.468+0000 INFO  [o.n.k.i.DiagnosticsManager] Java classpath:
2016-04-14 07:01:23.473+0000 INFO  [o.n.k.i.DiagnosticsManager]  [classpath + loader.0] file:/Users/yangnan/.ivy2/cache/com.twitter/parquet-encoding/jars/parquet-encoding-1.6.0rc3.jar
2016-04-14 07:01:23.473+0000 INFO  [o.n.k.i.DiagnosticsManager]  [loader.1] file:/Library/Java/JavaVirtualMachines/jdk1.8.0_25.jdk/Contents/Home/jre/lib/ext/itext-pdfa-5.5.4.jar
2016-04-14 07:01:23.473+0000 INFO  [o.n.k.i.DiagnosticsManager]  [bootstrap] /Library/Java/JavaVirtualMachines/jdk1.8.0_25.jdk/Contents/Home/jre/lib/rt.jar
2016-04-14 07:01:23.473+0000 INFO  [o.n.k.i.DiagnosticsManager]  [classpath + loader.0] file:/Users/yangnan/.ivy2/cache/com.twitter/chill_2.11/jars/chill_2.11-0.5.0.jar
2016-04-14 07:01:23.473+0000 INFO  [o.n.k.i.DiagnosticsManager]  [classpath + loader.0] file:/Users/yangnan/.ivy2/cache/javax.activation/activation/jars/activation-1.1.jar
2016-04-14 07:01:23.473+0000 INFO  [o.n.k.i.DiagnosticsManager]  [classpath + loader.0] file:/Users/yangnan/.ivy2/cache/com.google.guava/guava/bundles/guava-16.0.1.jar
2016-04-14 07:01:23.473+0000 INFO  [o.n.k.i.DiagnosticsManager]  [classpath + loader.0] file:/Users/yangnan/.ivy2/cache/org.neo4j/neo4j-kernel/jars/neo4j-kernel-2.3.2.jar
2016-04-14 07:01:23.473+0000 INFO  [o.n.k.i.DiagnosticsManager]  [classpath + loader.0] file:/Users/yangnan/.ivy2/cache/commons-lang/commons-lang/jars/commons-lang-2.5.jar
2016-04-14 07:01:23.473+0000 INFO  [o.n.k.i.DiagnosticsManager]  [bootstrap] /Library/Java/JavaVirtualMachines/jdk1.8.0_25.jdk/Contents/Home/jre/lib/jfr.jar
2016-04-14 07:01:23.473+0000 INFO  [o.n.k.i.DiagnosticsManager]  [loader.1] file:/Library/Java/JavaVirtualMachines/jdk1.8.0_25.jdk/Contents/Home/jre/lib/ext/itext-xtra-5.5.4-javadoc.jar
2016-04-14 07:01:23.473+0000 INFO  [o.n.k.i.DiagnosticsManager]  [classpath + loader.0] file:/Users/yangnan/.ivy2/cache/commons-codec/commons-codec/jars/commons-codec-1.10.jar
2016-04-14 07:01:23.473+0000 INFO  [o.n.k.i.DiagnosticsManager]  [classpath + loader.0] file:/Users/yangnan/.ivy2/cache/org.eclipse.jetty.orbit/javax.transaction/orbits/javax.transaction-1.1.1.v201105210645.jar
2016-04-14 07:01:23.473+0000 INFO  [o.n.k.i.DiagnosticsManager]  [classpath + loader.0] file:/Users/yangnan/.ivy2/cache/com.fasterxml.jackson.core/jackson-annotations/bundles/jackson-annotations-2.7.1.jar
2016-04-14 07:01:23.473+0000 INFO  [o.n.k.i.DiagnosticsManager]  [loader.1] file:/Library/Java/JavaVirtualMachines/jdk1.8.0_25.jdk/Contents/Home/jre/lib/ext/itext-pdfa-5.5.4-sources.jar
2016-04-14 07:01:23.473+0000 INFO  [o.n.k.i.DiagnosticsManager]  [classpath + loader.0] file:/Users/yangnan/.ivy2/cache/org.apache.curator/curator-client/bundles/curator-client-2.4.0.jar
2016-04-14 07:01:23.473+0000 INFO  [o.n.k.i.DiagnosticsManager]  [classpath + loader.0] file:/Users/yangnan/.ivy2/cache/org.codehaus.jackson/jackson-xc/jars/jackson-xc-1.8.3.jar
2016-04-14 07:01:23.473+0000 INFO  [o.n.k.i.DiagnosticsManager]  [classpath + loader.0] file:/Users/yangnan/.ivy2/cache/io.reactivex/rxjava/jars/rxjava-1.1.0.jar
2016-04-14 07:01:23.473+0000 INFO  [o.n.k.i.DiagnosticsManager]  [bootstrap] /Library/Java/JavaVirtualMachines/jdk1.8.0_25.jdk/Contents/Home/jre/classes
2016-04-14 07:01:23.473+0000 INFO  [o.n.k.i.DiagnosticsManager]  [classpath + loader.0] file:/Users/yangnan/.ivy2/cache/org.apache.spark/spark-network-common_2.11/jars/spark-network-common_2.11-1.2.1.jar
2016-04-14 07:01:23.473+0000 INFO  [o.n.k.i.DiagnosticsManager]  [loader.1] file:/Library/Java/JavaVirtualMachines/jdk1.8.0_25.jdk/Contents/Home/jre/lib/ext/sunjce_provider.jar
2016-04-14 07:01:23.473+0000 INFO  [o.n.k.i.DiagnosticsManager]  [classpath + loader.0] file:/Users/yangnan/.ivy2/cache/com.typesafe.play/play-streams_2.11/jars/play-streams_2.11-2.5.0.jar
2016-04-14 07:01:23.473+0000 INFO  [o.n.k.i.DiagnosticsManager]  [classpath + loader.0] file:/Users/yangnan/.ivy2/cache/org.apache.commons/commons-compress/jars/commons-compress-1.4.1.jar
2016-04-14 07:01:23.473+0000 INFO  [o.n.k.i.DiagnosticsManager]  [classpath + loader.0] file:/Users/yangnan/.ivy2/cache/org.scala-lang.modules/scala-parser-combinators_2.11/bundles/scala-parser-combinators_2.11-1.0.4.jar
2016-04-14 07:01:23.473+0000 INFO  [o.n.k.i.DiagnosticsManager]  [classpath + loader.0] file:/Users/yangnan/.ivy2/cache/commons-net/commons-net/jars/commons-net-2.2.jar
2016-04-14 07:01:23.473+0000 INFO  [o.n.k.i.DiagnosticsManager]  [classpath + loader.0] file:/Users/yangnan/.ivy2/cache/asm/asm/jars/asm-3.1.jar
2016-04-14 07:01:23.473+0000 INFO  [o.n.k.i.DiagnosticsManager]  [loader.1] file:/Library/Java/JavaVirtualMachines/jdk1.8.0_25.jdk/Contents/Home/jre/lib/ext/itext-xtra-5.5.4-sources.jar
2016-04-14 07:01:23.473+0000 INFO  [o.n.k.i.DiagnosticsManager]  [classpath + loader.0] file:/Users/yangnan/.ivy2/cache/javax.xml.bind/jaxb-api/jars/jaxb-api-2.2.2.jar
2016-04-14 07:01:23.473+0000 INFO  [o.n.k.i.DiagnosticsManager]  [bootstrap] /Users/yangnan/Documents/NEU/4th Semester/7200 BigData in Scala/eclipse/plugins/org.scala-lang.scala-actors_2.11.7.v20150622-112736-1fbce4612c.jar
2016-04-14 07:01:23.473+0000 INFO  [o.n.k.i.DiagnosticsManager]  [loader.1] file:/Library/Java/JavaVirtualMachines/jdk1.8.0_25.jdk/Contents/Home/jre/lib/ext/localedata.jar
2016-04-14 07:01:23.473+0000 INFO  [o.n.k.i.DiagnosticsManager]  [classpath + loader.0] file:/Users/yangnan/.ivy2/cache/org.scala-stm/scala-stm_2.11/jars/scala-stm_2.11-0.7.jar
2016-04-14 07:01:23.473+0000 INFO  [o.n.k.i.DiagnosticsManager]  [classpath + loader.0] file:/Users/yangnan/.ivy2/cache/com.sun.jersey/jersey-server/bundles/jersey-server-1.9.jar
2016-04-14 07:01:23.473+0000 INFO  [o.n.k.i.DiagnosticsManager]  [classpath + loader.0] file:/Users/yangnan/.ivy2/cache/org.jblas/jblas/jars/jblas-1.2.3.jar
2016-04-14 07:01:23.473+0000 INFO  [o.n.k.i.DiagnosticsManager]  [classpath + loader.0] file:/Users/yangnan/.ivy2/cache/eu.fakod/neo4j-scala_2.11/jars/neo4j-scala_2.11-0.3.3.jar
2016-04-14 07:01:23.473+0000 INFO  [o.n.k.i.DiagnosticsManager]  [bootstrap] /Users/yangnan/Documents/NEU/4th Semester/7200 BigData in Scala/eclipse/plugins/org.scala-lang.scala-library_2.11.7.v20150622-112736-1fbce4612c.jar
2016-04-14 07:01:23.473+0000 INFO  [o.n.k.i.DiagnosticsManager]  [classpath + loader.0] file:/Users/yangnan/.ivy2/cache/org.eclipse.jetty/jetty-http/jars/jetty-http-8.1.14.v20131031.jar
2016-04-14 07:01:23.473+0000 INFO  [o.n.k.i.DiagnosticsManager]  [loader.1] file:/Library/Java/JavaVirtualMachines/jdk1.8.0_25.jdk/Contents/Home/jre/lib/ext/cldrdata.jar
2016-04-14 07:01:23.473+0000 INFO  [o.n.k.i.DiagnosticsManager]  [classpath + loader.0] file:/Users/yangnan/.ivy2/cache/org.scalanlp/breeze_2.11/jars/breeze_2.11-0.10.jar
2016-04-14 07:01:23.473+0000 INFO  [o.n.k.i.DiagnosticsManager]  [loader.1] file:/Library/Java/JavaVirtualMachines/jdk1.8.0_25.jdk/Contents/Home/jre/lib/ext/xmlworker-5.5.4-javadoc.jar
2016-04-14 07:01:23.473+0000 INFO  [o.n.k.i.DiagnosticsManager]  [classpath + loader.0] file:/Users/yangnan/.ivy2/cache/com.typesafe.play/build-link/jars/build-link-2.5.0.jar
2016-04-14 07:01:23.473+0000 INFO  [o.n.k.i.DiagnosticsManager]  [classpath + loader.0] file:/Users/yangnan/.ivy2/cache/org.neo4j/neo4j-io/jars/neo4j-io-2.3.2.jar
2016-04-14 07:01:23.473+0000 INFO  [o.n.k.i.DiagnosticsManager]  [classpath + loader.0] file:/Users/yangnan/.ivy2/cache/org.ow2.asm/asm/jars/asm-5.0.2.jar
2016-04-14 07:01:23.473+0000 INFO  [o.n.k.i.DiagnosticsManager]  [loader.1] file:/Library/Java/JavaVirtualMachines/jdk1.8.0_25.jdk/Contents/Home/jre/lib/ext/itext-pdfa-5.5.4-javadoc.jar
2016-04-14 07:01:23.473+0000 INFO  [o.n.k.i.DiagnosticsManager]  [classpath + loader.0] file:/Users/yangnan/.ivy2/cache/io.reactivex/rxscala_2.11/jars/rxscala_2.11-0.26.0.jar
2016-04-14 07:01:23.473+0000 INFO  [o.n.k.i.DiagnosticsManager]  [classpath + loader.0] file:/Users/yangnan/.ivy2/cache/com.googlecode.concurrentlinkedhashmap/concurrentlinkedhashmap-lru/jars/concurrentlinkedhashmap-lru-1.4.2.jar
2016-04-14 07:01:23.473+0000 INFO  [o.n.k.i.DiagnosticsManager]  [classpath + loader.0] file:/Users/yangnan/.ivy2/cache/javax.inject/javax.inject/jars/javax.inject-1.jar
2016-04-14 07:01:23.473+0000 INFO  [o.n.k.i.DiagnosticsManager]  [classpath + loader.0] file:/Users/yangnan/.ivy2/cache/org.objenesis/objenesis/jars/objenesis-1.2.jar
2016-04-14 07:01:23.473+0000 INFO  [o.n.k.i.DiagnosticsManager]  [classpath + loader.0] file:/Users/yangnan/.ivy2/cache/org.json4s/json4s-ast_2.11/jars/json4s-ast_2.11-3.2.10.jar
2016-04-14 07:01:23.473+0000 INFO  [o.n.k.i.DiagnosticsManager]  [classpath + loader.0] file:/Users/yangnan/.ivy2/cache/io.netty/netty-all/jars/netty-all-4.0.23.Final.jar
2016-04-14 07:01:23.473+0000 INFO  [o.n.k.i.DiagnosticsManager]  [classpath + loader.0] file:/Users/yangnan/.ivy2/cache/com.codahale.metrics/metrics-jvm/bundles/metrics-jvm-3.0.0.jar
2016-04-14 07:01:23.473+0000 INFO  [o.n.k.i.DiagnosticsManager]  [classpath + loader.0] file:/Users/yangnan/.ivy2/cache/org.eclipse.jetty.orbit/javax.activation/orbits/javax.activation-1.1.0.v201105071233.jar
2016-04-14 07:01:23.473+0000 INFO  [o.n.k.i.DiagnosticsManager]  [classpath + loader.0] file:/Users/yangnan/.ivy2/cache/com.typesafe.akka/akka-actor_2.11/jars/akka-actor_2.11-2.4.2.jar
2016-04-14 07:01:23.473+0000 INFO  [o.n.k.i.DiagnosticsManager]  [classpath + loader.0] file:/Users/yangnan/.ivy2/cache/commons-digester/commons-digester/jars/commons-digester-1.8.jar
2016-04-14 07:01:23.474+0000 INFO  [o.n.k.i.DiagnosticsManager]  [classpath + loader.0] file:/Users/yangnan/.ivy2/cache/org.apache.avro/avro/jars/avro-1.7.4.jar
2016-04-14 07:01:23.474+0000 INFO  [o.n.k.i.DiagnosticsManager]  [classpath + loader.0] file:/Users/yangnan/.ivy2/cache/org.spire-math/spire_2.11/jars/spire_2.11-0.7.4.jar
2016-04-14 07:01:23.474+0000 INFO  [o.n.k.i.DiagnosticsManager]  [classpath + loader.0] file:/Users/yangnan/.ivy2/cache/net.sourceforge.f2j/arpack_combined_all/jars/arpack_combined_all-0.1.jar
2016-04-14 07:01:23.474+0000 INFO  [o.n.k.i.DiagnosticsManager]  [classpath + loader.0] file:/Users/yangnan/.ivy2/cache/org.apache.hadoop/hadoop-mapreduce-client-shuffle/jars/hadoop-mapreduce-client-shuffle-2.2.0.jar
2016-04-14 07:01:23.474+0000 INFO  [o.n.k.i.DiagnosticsManager]  [classpath + loader.0] file:/Users/yangnan/.ivy2/cache/com.thoughtworks.paranamer/paranamer/jars/paranamer-2.6.jar
2016-04-14 07:01:23.474+0000 INFO  [o.n.k.i.DiagnosticsManager]  [classpath + loader.0] file:/Users/yangnan/.ivy2/cache/org.spire-math/spire-macros_2.11/jars/spire-macros_2.11-0.7.4.jar
2016-04-14 07:01:23.474+0000 INFO  [o.n.k.i.DiagnosticsManager]  [classpath + loader.0] file:/Users/yangnan/.ivy2/cache/com.twitter/parquet-format/jars/parquet-format-2.2.0-rc1.jar
2016-04-14 07:01:23.474+0000 INFO  [o.n.k.i.DiagnosticsManager]  [loader.1] file:/Library/Java/JavaVirtualMachines/jdk1.8.0_25.jdk/Contents/Home/jre/lib/ext/xmlworker-5.5.4.jar
2016-04-14 07:01:23.474+0000 INFO  [o.n.k.i.DiagnosticsManager]  [classpath + loader.0] file:/Users/yangnan/.ivy2/cache/com.google.inject/guice/jars/guice-4.0.jar
2016-04-14 07:01:23.474+0000 INFO  [o.n.k.i.DiagnosticsManager]  [classpath + loader.0] file:/Users/yangnan/.ivy2/cache/com.typesafe.play/play_2.11/jars/play_2.11-2.5.0.jar
2016-04-14 07:01:23.474+0000 INFO  [o.n.k.i.DiagnosticsManager]  [classpath + loader.0] file:/Users/yangnan/.ivy2/cache/org.apache.hadoop/hadoop-common/jars/hadoop-common-2.2.0.jar
2016-04-14 07:01:23.474+0000 INFO  [o.n.k.i.DiagnosticsManager]  [classpath + loader.0] file:/Users/yangnan/.ivy2/cache/com.typesafe/ssl-config-akka_2.11/bundles/ssl-config-akka_2.11-0.1.3.jar
2016-04-14 07:01:23.474+0000 INFO  [o.n.k.i.DiagnosticsManager]  [classpath + loader.0] file:/Users/yangnan/.ivy2/cache/com.google.inject.extensions/guice-assistedinject/jars/guice-assistedinject-4.0.jar
2016-04-14 07:01:23.474+0000 INFO  [o.n.k.i.DiagnosticsManager]  [loader.1] file:/Library/Java/JavaVirtualMachines/jdk1.8.0_25.jdk/Contents/Home/jre/lib/ext/itextpdf-5.5.4-javadoc.jar
2016-04-14 07:01:23.474+0000 INFO  [o.n.k.i.DiagnosticsManager]  [classpath + loader.0] file:/Users/yangnan/.ivy2/cache/commons-logging/commons-logging/jars/commons-logging-1.1.1.jar
2016-04-14 07:01:23.474+0000 INFO  [o.n.k.i.DiagnosticsManager]  [bootstrap] /Library/Java/JavaVirtualMachines/jdk1.8.0_25.jdk/Contents/Home/jre/lib/sunrsasign.jar
2016-04-14 07:01:23.474+0000 INFO  [o.n.k.i.DiagnosticsManager]  [classpath + loader.0] file:/Users/yangnan/.ivy2/cache/xerces/xercesImpl/jars/xercesImpl-2.11.0.jar
2016-04-14 07:01:23.474+0000 INFO  [o.n.k.i.DiagnosticsManager]  [classpath + loader.0] file:/Users/yangnan/.ivy2/cache/org.apache.spark/spark-mllib_2.11/jars/spark-mllib_2.11-1.2.1.jar
2016-04-14 07:01:23.474+0000 INFO  [o.n.k.i.DiagnosticsManager]  [classpath + loader.0] file:/Users/yangnan/.ivy2/cache/aopalliance/aopalliance/jars/aopalliance-1.0.jar
2016-04-14 07:01:23.474+0000 INFO  [o.n.k.i.DiagnosticsManager]  [classpath + loader.0] file:/Users/yangnan/.ivy2/cache/org.eclipse.jetty/jetty-servlet/jars/jetty-servlet-8.1.14.v20131031.jar
2016-04-14 07:01:23.474+0000 INFO  [o.n.k.i.DiagnosticsManager]  [classpath + loader.0] file:/Users/yangnan/.ivy2/cache/com.restfb/restfb/jars/restfb-1.20.0.jar
2016-04-14 07:01:23.474+0000 INFO  [o.n.k.i.DiagnosticsManager]  [loader.1] file:/Library/Java/JavaVirtualMachines/jdk1.8.0_25.jdk/Contents/Home/jre/lib/ext/xmlworker-5.5.4-sources.jar
2016-04-14 07:01:23.474+0000 INFO  [o.n.k.i.DiagnosticsManager]  [classpath + loader.0] file:/Users/yangnan/.ivy2/cache/org.uncommons.maths/uncommons-maths/jars/uncommons-maths-1.2.2a.jar
2016-04-14 07:01:23.474+0000 INFO  [o.n.k.i.DiagnosticsManager]  [classpath + loader.0] file:/Users/yangnan/.ivy2/cache/com.sun.jersey/jersey-json/bundles/jersey-json-1.9.jar
2016-04-14 07:01:23.474+0000 INFO  [o.n.k.i.DiagnosticsManager]  [classpath + loader.0] file:/Users/yangnan/.ivy2/cache/org.slf4j/slf4j-log4j12/jars/slf4j-log4j12-1.7.5.jar
2016-04-14 07:01:23.474+0000 INFO  [o.n.k.i.DiagnosticsManager]  [classpath + loader.0] file:/Users/yangnan/.ivy2/cache/org.apache.spark/spark-streaming_2.11/jars/spark-streaming_2.11-1.2.1.jar
2016-04-14 07:01:23.474+0000 INFO  [o.n.k.i.DiagnosticsManager]  [classpath + loader.0] file:/Users/yangnan/.ivy2/cache/org.scala-lang/scalap/jars/scalap-2.11.0.jar
2016-04-14 07:01:23.474+0000 INFO  [o.n.k.i.DiagnosticsManager]  [classpath + loader.0] file:/Users/yangnan/.ivy2/cache/org.apache.commons/commons-math3/jars/commons-math3-3.1.1.jar
2016-04-14 07:01:23.474+0000 INFO  [o.n.k.i.DiagnosticsManager]  [classpath + loader.0] file:/Users/yangnan/.ivy2/cache/org.eclipse.jetty/jetty-security/jars/jetty-security-8.1.14.v20131031.jar
2016-04-14 07:01:23.474+0000 INFO  [o.n.k.i.DiagnosticsManager]  [bootstrap] /Library/Java/JavaVirtualMachines/jdk1.8.0_25.jdk/Contents/Home/jre/lib/resources.jar
2016-04-14 07:01:23.474+0000 INFO  [o.n.k.i.DiagnosticsManager]  [bootstrap] /Library/Java/JavaVirtualMachines/jdk1.8.0_25.jdk/Contents/Home/jre/lib/charsets.jar
2016-04-14 07:01:23.474+0000 INFO  [o.n.k.i.DiagnosticsManager]  [classpath + loader.0] file:/Users/yangnan/.ivy2/cache/com.esotericsoftware.kryo/kryo/bundles/kryo-2.21.jar
2016-04-14 07:01:23.474+0000 INFO  [o.n.k.i.DiagnosticsManager]  [classpath + loader.0] file:/Users/yangnan/.ivy2/cache/org.neo4j/neo4j-function/jars/neo4j-function-2.3.2.jar
2016-04-14 07:01:23.474+0000 INFO  [o.n.k.i.DiagnosticsManager]  [classpath + loader.0] file:/Users/yangnan/.ivy2/cache/com.github.rwl/jtransforms/jars/jtransforms-2.4.0.jar
2016-04-14 07:01:23.474+0000 INFO  [o.n.k.i.DiagnosticsManager]  [classpath + loader.0] file:/Users/yangnan/.ivy2/cache/org.neo4j/neo4j-cypher-compiler-2.2_2.11/jars/neo4j-cypher-compiler-2.2_2.11-2.2.6.jar
2016-04-14 07:01:23.474+0000 INFO  [o.n.k.i.DiagnosticsManager]  [classpath + loader.0] file:/Users/yangnan/.ivy2/cache/xmlenc/xmlenc/jars/xmlenc-0.52.jar
2016-04-14 07:01:23.474+0000 INFO  [o.n.k.i.DiagnosticsManager]  [classpath + loader.0] file:/Users/yangnan/.ivy2/cache/com.esotericsoftware.minlog/minlog/jars/minlog-1.2.jar
2016-04-14 07:01:23.474+0000 INFO  [o.n.k.i.DiagnosticsManager]  [classpath + loader.0] file:/Users/yangnan/.ivy2/cache/org.neo4j/neo4j-cypher-frontend-2.3/jars/neo4j-cypher-frontend-2.3-2.3.2.jar
2016-04-14 07:01:23.474+0000 INFO  [o.n.k.i.DiagnosticsManager]  [loader.1] file:/System/Library/Java/Extensions/MRJToolkit.jar
2016-04-14 07:01:23.474+0000 INFO  [o.n.k.i.DiagnosticsManager]  [classpath + loader.0] file:/Users/yangnan/.ivy2/cache/org.neo4j/neo4j-unsafe/jars/neo4j-unsafe-2.3.2.jar
2016-04-14 07:01:23.474+0000 INFO  [o.n.k.i.DiagnosticsManager]  [classpath + loader.0] file:/Users/yangnan/.ivy2/cache/org.apache.hadoop/hadoop-yarn-api/jars/hadoop-yarn-api-2.2.0.jar
2016-04-14 07:01:23.474+0000 INFO  [o.n.k.i.DiagnosticsManager]  [classpath + loader.0] file:/Users/yangnan/.ivy2/cache/org.neo4j/neo4j-shell/jars/neo4j-shell-2.3.2.jar
2016-04-14 07:01:23.474+0000 INFO  [o.n.k.i.DiagnosticsManager]  [classpath + loader.0] file:/Users/yangnan/.ivy2/cache/org.neo4j/neo4j-csv/jars/neo4j-csv-2.3.2.jar
2016-04-14 07:01:23.474+0000 INFO  [o.n.k.i.DiagnosticsManager]  [loader.1] file:/Library/Java/JavaVirtualMachines/jdk1.8.0_25.jdk/Contents/Home/jre/lib/ext/dnsns.jar
2016-04-14 07:01:23.474+0000 INFO  [o.n.k.i.DiagnosticsManager]  [classpath + loader.0] file:/Users/yangnan/.ivy2/cache/org.spark-project.akka/akka-slf4j_2.11/jars/akka-slf4j_2.11-2.3.4-spark.jar
2016-04-14 07:01:23.474+0000 INFO  [o.n.k.i.DiagnosticsManager]  [classpath + loader.0] file:/Users/yangnan/.ivy2/cache/org.neo4j/neo4j-codegen/jars/neo4j-codegen-2.3.2.jar
2016-04-14 07:01:23.474+0000 INFO  [o.n.k.i.DiagnosticsManager]  [classpath + loader.0] file:/Users/yangnan/.ivy2/cache/org.spark-project.akka/akka-remote_2.11/jars/akka-remote_2.11-2.3.4-spark.jar
2016-04-14 07:01:23.474+0000 INFO  [o.n.k.i.DiagnosticsManager]  [classpath + loader.0] file:/Users/yangnan/.ivy2/cache/com.google.code.findbugs/jsr305/jars/jsr305-1.3.9.jar
2016-04-14 07:01:23.474+0000 INFO  [o.n.k.i.DiagnosticsManager]  [classpath + loader.0] file:/Users/yangnan/.ivy2/cache/com.codahale.metrics/metrics-graphite/bundles/metrics-graphite-3.0.0.jar
2016-04-14 07:01:23.474+0000 INFO  [o.n.k.i.DiagnosticsManager]  [classpath + loader.0] file:/Users/yangnan/.ivy2/cache/com.sun.jersey.jersey-test-framework/jersey-test-framework-grizzly2/jars/jersey-test-framework-grizzly2-1.9.jar
2016-04-14 07:01:23.474+0000 INFO  [o.n.k.i.DiagnosticsManager]  [classpath + loader.0] file:/Users/yangnan/.ivy2/cache/org.apache.mesos/mesos/jars/mesos-0.18.1-shaded-protobuf.jar
2016-04-14 07:01:23.474+0000 INFO  [o.n.k.i.DiagnosticsManager]  [classpath + loader.0] file:/Users/yangnan/.ivy2/cache/org.eclipse.jetty/jetty-plus/jars/jetty-plus-8.1.14.v20131031.jar
2016-04-14 07:01:23.474+0000 INFO  [o.n.k.i.DiagnosticsManager]  [classpath + loader.0] file:/Users/yangnan/.ivy2/cache/org.codehaus.jackson/jackson-mapper-asl/jars/jackson-mapper-asl-1.9.11.jar
2016-04-14 07:01:23.474+0000 INFO  [o.n.k.i.DiagnosticsManager]  [classpath + loader.0] file:/Users/yangnan/.ivy2/cache/com.typesafe.play/play-iteratees_2.11/jars/play-iteratees_2.11-2.5.0.jar
2016-04-14 07:01:23.474+0000 INFO  [o.n.k.i.DiagnosticsManager]  [classpath + loader.0] file:/Users/yangnan/.ivy2/cache/com.typesafe.play/twirl-api_2.11/jars/twirl-api_2.11-1.1.1.jar
2016-04-14 07:01:23.475+0000 INFO  [o.n.k.i.DiagnosticsManager]  [classpath + loader.0] file:/Users/yangnan/.ivy2/cache/org.xerial.snappy/snappy-java/bundles/snappy-java-1.1.1.6.jar
2016-04-14 07:01:23.475+0000 INFO  [o.n.k.i.DiagnosticsManager]  [classpath + loader.0] file:/Users/yangnan/.ivy2/cache/com.github.fommil.netlib/core/jars/core-1.1.2.jar
2016-04-14 07:01:23.475+0000 INFO  [o.n.k.i.DiagnosticsManager]  [loader.1] file:/Library/Java/JavaVirtualMachines/jdk1.8.0_25.jdk/Contents/Home/jre/lib/ext/servlet-api.jar
2016-04-14 07:01:23.475+0000 INFO  [o.n.k.i.DiagnosticsManager]  [loader.1] file:/Library/Java/JavaVirtualMachines/jdk1.8.0_25.jdk/Contents/Home/jre/lib/ext/itext-xtra-5.5.4.jar
2016-04-14 07:01:23.475+0000 INFO  [o.n.k.i.DiagnosticsManager]  [classpath + loader.0] file:/Users/yangnan/.ivy2/cache/org.apache.hadoop/hadoop-mapreduce-client-jobclient/jars/hadoop-mapreduce-client-jobclient-2.2.0.jar
2016-04-14 07:01:23.475+0000 INFO  [o.n.k.i.DiagnosticsManager]  [classpath + loader.0] file:/Users/yangnan/.ivy2/cache/com.esotericsoftware.reflectasm/reflectasm/jars/reflectasm-1.07-shaded.jar
2016-04-14 07:01:23.475+0000 INFO  [o.n.k.i.DiagnosticsManager]  [loader.1] file:/Library/Java/JavaVirtualMachines/jdk1.8.0_25.jdk/Contents/Home/jre/lib/ext/nashorn.jar
2016-04-14 07:01:23.475+0000 INFO  [o.n.k.i.DiagnosticsManager]  [classpath + loader.0] file:/Users/yangnan/.ivy2/cache/commons-configuration/commons-configuration/jars/commons-configuration-1.6.jar
2016-04-14 07:01:23.475+0000 INFO  [o.n.k.i.DiagnosticsManager]  [loader.1] file:/Library/Java/JavaVirtualMachines/jdk1.8.0_25.jdk/Contents/Home/jre/lib/ext/itextpdf-5.5.4.jar
2016-04-14 07:01:23.475+0000 INFO  [o.n.k.i.DiagnosticsManager]  [classpath + loader.0] file:/Users/yangnan/.ivy2/cache/org.slf4j/jcl-over-slf4j/jars/jcl-over-slf4j-1.7.16.jar
2016-04-14 07:01:23.475+0000 INFO  [o.n.k.i.DiagnosticsManager]  [classpath + loader.0] file:/Users/yangnan/.ivy2/cache/org.neo4j/neo4j-graph-algo/jars/neo4j-graph-algo-2.3.2.jar
2016-04-14 07:01:23.475+0000 INFO  [o.n.k.i.DiagnosticsManager]  [classpath + loader.0] file:/Users/yangnan/.ivy2/cache/org.spark-project.spark/unused/jars/unused-1.0.0.jar
2016-04-14 07:01:23.475+0000 INFO  [o.n.k.i.DiagnosticsManager]  [classpath + loader.0] file:/Users/yangnan/.ivy2/cache/org.codehaus.jettison/jettison/bundles/jettison-1.1.jar
2016-04-14 07:01:23.475+0000 INFO  [o.n.k.i.DiagnosticsManager]  [classpath + loader.0] file:/Users/yangnan/.ivy2/cache/com.ning/compress-lzf/bundles/compress-lzf-1.0.0.jar
2016-04-14 07:01:23.475+0000 INFO  [o.n.k.i.DiagnosticsManager]  [classpath + loader.0] file:/Users/yangnan/.ivy2/cache/org.apache.hadoop/hadoop-auth/jars/hadoop-auth-2.2.0.jar
2016-04-14 07:01:23.475+0000 INFO  [o.n.k.i.DiagnosticsManager]  [classpath + loader.0] file:/Users/yangnan/.ivy2/cache/org.apache.hadoop/hadoop-client/jars/hadoop-client-2.2.0.jar
2016-04-14 07:01:23.475+0000 INFO  [o.n.k.i.DiagnosticsManager]  [classpath + loader.0] file:/Users/yangnan/.ivy2/cache/com.twitter/parquet-generator/jars/parquet-generator-1.6.0rc3.jar
2016-04-14 07:01:23.475+0000 INFO  [o.n.k.i.DiagnosticsManager]  [classpath + loader.0] file:/Users/yangnan/.ivy2/cache/org.joda/joda-convert/jars/joda-convert-1.8.1.jar
2016-04-14 07:01:23.475+0000 INFO  [o.n.k.i.DiagnosticsManager]  [classpath + loader.0] file:/Users/yangnan/.ivy2/cache/com.fasterxml.jackson.datatype/jackson-datatype-jdk8/bundles/jackson-datatype-jdk8-2.7.1.jar
2016-04-14 07:01:23.475+0000 INFO  [o.n.k.i.DiagnosticsManager]  [classpath + loader.0] file:/Users/yangnan/.ivy2/cache/com.twitter/parquet-hadoop/jars/parquet-hadoop-1.6.0rc3.jar
2016-04-14 07:01:23.475+0000 INFO  [o.n.k.i.DiagnosticsManager]  [classpath + loader.0] file:/Users/yangnan/.ivy2/cache/org.spark-project.protobuf/protobuf-java/bundles/protobuf-java-2.5.0-spark.jar
2016-04-14 07:01:23.475+0000 INFO  [o.n.k.i.DiagnosticsManager]  [classpath + loader.0] file:/Users/yangnan/.ivy2/cache/org.tukaani/xz/jars/xz-1.0.jar
2016-04-14 07:01:23.475+0000 INFO  [o.n.k.i.DiagnosticsManager]  [classpath + loader.0] file:/Users/yangnan/.ivy2/cache/com.typesafe.play/play-netty-utils/jars/play-netty-utils-2.5.0.jar
2016-04-14 07:01:23.475+0000 INFO  [o.n.k.i.DiagnosticsManager]  [classpath + loader.0] file:/Users/yangnan/.ivy2/cache/org.slf4j/slf4j-api/jars/slf4j-api-1.7.16.jar
2016-04-14 07:01:23.475+0000 INFO  [o.n.k.i.DiagnosticsManager]  [loader.1] file:/Library/Java/JavaVirtualMachines/jdk1.8.0_25.jdk/Contents/Home/jre/lib/ext/sunec.jar
2016-04-14 07:01:23.475+0000 INFO  [o.n.k.i.DiagnosticsManager]  [classpath + loader.0] file:/Users/yangnan/.ivy2/cache/commons-beanutils/commons-beanutils/jars/commons-beanutils-1.7.0.jar
2016-04-14 07:01:23.475+0000 INFO  [o.n.k.i.DiagnosticsManager]  [classpath + loader.0] file:/Users/yangnan/.ivy2/cache/com.twitter/chill-java/jars/chill-java-0.5.0.jar
2016-04-14 07:01:23.475+0000 INFO  [o.n.k.i.DiagnosticsManager]  [classpath + loader.0] file:/Users/yangnan/.ivy2/cache/org.neo4j/neo4j-lucene-index/jars/neo4j-lucene-index-2.3.2.jar
2016-04-14 07:01:23.475+0000 INFO  [o.n.k.i.DiagnosticsManager]  [classpath + loader.0] file:/Users/yangnan/.ivy2/cache/org.parboiled/parboiled-scala_2.11/jars/parboiled-scala_2.11-1.1.7.jar
2016-04-14 07:01:23.475+0000 INFO  [o.n.k.i.DiagnosticsManager]  [classpath + loader.0] file:/Users/yangnan/.ivy2/cache/com.typesafe.akka/akka-stream_2.11/jars/akka-stream_2.11-2.4.2.jar
2016-04-14 07:01:23.475+0000 INFO  [o.n.k.i.DiagnosticsManager]  [classpath + loader.0] file:/Users/yangnan/.ivy2/cache/org.apache.hadoop/hadoop-hdfs/jars/hadoop-hdfs-2.2.0.jar
2016-04-14 07:01:23.475+0000 INFO  [o.n.k.i.DiagnosticsManager]  [classpath + loader.0] file:/Users/yangnan/.ivy2/cache/net.sf.opencsv/opencsv/jars/opencsv-2.3.jar
2016-04-14 07:01:23.475+0000 INFO  [o.n.k.i.DiagnosticsManager]  [classpath + loader.0] file:/Users/yangnan/.ivy2/cache/xml-apis/xml-apis/jars/xml-apis-1.4.01.jar
2016-04-14 07:01:23.475+0000 INFO  [o.n.k.i.DiagnosticsManager]  [classpath + loader.0] file:/Users/yangnan/.ivy2/cache/com.codahale.metrics/metrics-json/bundles/metrics-json-3.0.0.jar
2016-04-14 07:01:23.475+0000 INFO  [o.n.k.i.DiagnosticsManager]  [classpath + loader.0] file:/Users/yangnan/.ivy2/cache/org.neo4j/neo4j-graph-matching/jars/neo4j-graph-matching-2.3.2.jar
2016-04-14 07:01:23.475+0000 INFO  [o.n.k.i.DiagnosticsManager]  [classpath + loader.0] file:/Users/yangnan/.ivy2/cache/org.eclipse.jetty.orbit/javax.mail.glassfish/orbits/javax.mail.glassfish-1.4.1.v201005082020.jar
2016-04-14 07:01:23.475+0000 INFO  [o.n.k.i.DiagnosticsManager]  [bootstrap] /Library/Java/JavaVirtualMachines/jdk1.8.0_25.jdk/Contents/Home/jre/lib/jsse.jar
2016-04-14 07:01:23.475+0000 INFO  [o.n.k.i.DiagnosticsManager]  [classpath + loader.0] file:/Users/yangnan/.ivy2/cache/com.twitter/parquet-column/jars/parquet-column-1.6.0rc3.jar
2016-04-14 07:01:23.475+0000 INFO  [o.n.k.i.DiagnosticsManager]  [loader.1] file:/Library/Java/JavaVirtualMachines/jdk1.8.0_25.jdk/Contents/Home/jre/lib/ext/sunpkcs11.jar
2016-04-14 07:01:23.475+0000 INFO  [o.n.k.i.DiagnosticsManager]  [classpath + loader.0] file:/Users/yangnan/.ivy2/cache/com.sun.xml.bind/jaxb-impl/jars/jaxb-impl-2.2.3-1.jar
2016-04-14 07:01:23.475+0000 INFO  [o.n.k.i.DiagnosticsManager]  [classpath + loader.0] file:/Users/yangnan/.ivy2/cache/com.fasterxml.jackson.core/jackson-core/bundles/jackson-core-2.7.1.jar
2016-04-14 07:01:23.475+0000 INFO  [o.n.k.i.DiagnosticsManager]  [classpath + loader.0] file:/Users/yangnan/.ivy2/cache/commons-cli/commons-cli/jars/commons-cli-1.2.jar
2016-04-14 07:01:23.475+0000 INFO  [o.n.k.i.DiagnosticsManager]  [classpath + loader.0] file:/Users/yangnan/.ivy2/cache/org.apache.hadoop/hadoop-yarn-server-common/jars/hadoop-yarn-server-common-2.2.0.jar
2016-04-14 07:01:23.475+0000 INFO  [o.n.k.i.DiagnosticsManager]  [classpath + loader.0] file:/Users/yangnan/.ivy2/cache/org.codehaus.jackson/jackson-jaxrs/jars/jackson-jaxrs-1.8.3.jar
2016-04-14 07:01:23.475+0000 INFO  [o.n.k.i.DiagnosticsManager]  [classpath + loader.0] file:/Users/yangnan/.ivy2/cache/org.eclipse.jetty.orbit/javax.servlet/orbits/javax.servlet-3.0.0.v201112011016.jar
2016-04-14 07:01:23.475+0000 INFO  [o.n.k.i.DiagnosticsManager]  [classpath + loader.0] file:/Users/yangnan/.ivy2/cache/commons-beanutils/commons-beanutils-core/jars/commons-beanutils-core-1.8.0.jar
2016-04-14 07:01:23.475+0000 INFO  [o.n.k.i.DiagnosticsManager]  [classpath + loader.0] file:/Users/yangnan/.ivy2/cache/org.mortbay.jetty/jetty-util/jars/jetty-util-6.1.26.jar
2016-04-14 07:01:23.475+0000 INFO  [o.n.k.i.DiagnosticsManager]  [classpath + loader.0] file:/Users/yangnan/workspace/Final_Project/bin/
2016-04-14 07:01:23.475+0000 INFO  [o.n.k.i.DiagnosticsManager]  [classpath + loader.0] file:/Users/yangnan/.ivy2/cache/io.netty/netty/bundles/netty-3.8.0.Final.jar
2016-04-14 07:01:23.475+0000 INFO  [o.n.k.i.DiagnosticsManager]  [classpath + loader.0] file:/Users/yangnan/.ivy2/cache/org.parboiled/parboiled-core/jars/parboiled-core-1.1.7.jar
2016-04-14 07:01:23.475+0000 INFO  [o.n.k.i.DiagnosticsManager]  [classpath + loader.0] file:/Users/yangnan/.ivy2/cache/org.neo4j/neo4j-cypher-compiler-1.9_2.11/jars/neo4j-cypher-compiler-1.9_2.11-2.0.5.jar
2016-04-14 07:01:23.475+0000 INFO  [o.n.k.i.DiagnosticsManager]  [bootstrap] /Users/yangnan/Documents/NEU/4th Semester/7200 BigData in Scala/eclipse/plugins/org.scala-lang.scala-reflect_2.11.7.v20150622-112736-1fbce4612c.jar
2016-04-14 07:01:23.475+0000 INFO  [o.n.k.i.DiagnosticsManager]  [classpath + loader.0] file:/Users/yangnan/.ivy2/cache/joda-time/joda-time/jars/joda-time-2.9.2.jar
2016-04-14 07:01:23.475+0000 INFO  [o.n.k.i.DiagnosticsManager]  [classpath + loader.0] file:/Users/yangnan/.ivy2/cache/com.typesafe.akka/akka-slf4j_2.11/jars/akka-slf4j_2.11-2.4.2.jar
2016-04-14 07:01:23.475+0000 INFO  [o.n.k.i.DiagnosticsManager]  [classpath + loader.0] file:/Users/yangnan/.ivy2/cache/org.scala-lang.modules/scala-java8-compat_2.11/bundles/scala-java8-compat_2.11-0.7.0.jar
2016-04-14 07:01:23.475+0000 INFO  [o.n.k.i.DiagnosticsManager]  [classpath + loader.0] file:/Users/yangnan/.ivy2/cache/net.java.dev.jets3t/jets3t/jars/jets3t-0.7.1.jar
2016-04-14 07:01:23.475+0000 INFO  [o.n.k.i.DiagnosticsManager]  [classpath + loader.0] file:/Users/yangnan/.ivy2/cache/javax.transaction/jta/jars/jta-1.1.jar
2016-04-14 07:01:23.475+0000 INFO  [o.n.k.i.DiagnosticsManager]  [classpath + loader.0] file:/Users/yangnan/.ivy2/cache/stax/stax-api/jars/stax-api-1.0.1.jar
2016-04-14 07:01:23.475+0000 INFO  [o.n.k.i.DiagnosticsManager]  [classpath + loader.0] file:/Users/yangnan/.ivy2/cache/org.apache.spark/spark-core_2.11/jars/spark-core_2.11-1.2.1.jar
2016-04-14 07:01:23.475+0000 INFO  [o.n.k.i.DiagnosticsManager]  [classpath + loader.0] file:/Users/yangnan/.ivy2/cache/org.apache.curator/curator-framework/bundles/curator-framework-2.4.0.jar
2016-04-14 07:01:23.475+0000 INFO  [o.n.k.i.DiagnosticsManager]  [classpath + loader.0] file:/Users/yangnan/.ivy2/cache/org.roaringbitmap/RoaringBitmap/bundles/RoaringBitmap-0.4.5.jar
2016-04-14 07:01:23.475+0000 INFO  [o.n.k.i.DiagnosticsManager]  [classpath + loader.0] file:/Users/yangnan/.ivy2/cache/com.fasterxml.jackson.datatype/jackson-datatype-jsr310/bundles/jackson-datatype-jsr310-2.7.1.jar
2016-04-14 07:01:23.475+0000 INFO  [o.n.k.i.DiagnosticsManager]  [classpath + loader.0] file:/Users/yangnan/.ivy2/cache/org.scalanlp/breeze-macros_2.11/jars/breeze-macros_2.11-0.3.1.jar
2016-04-14 07:01:23.476+0000 INFO  [o.n.k.i.DiagnosticsManager]  [classpath + loader.0] file:/Users/yangnan/.ivy2/cache/org.json4s/json4s-core_2.11/jars/json4s-core_2.11-3.2.10.jar
2016-04-14 07:01:23.476+0000 INFO  [o.n.k.i.DiagnosticsManager]  [classpath + loader.0] file:/Users/yangnan/.ivy2/cache/org.apache.hadoop/hadoop-mapreduce-client-app/jars/hadoop-mapreduce-client-app-2.2.0.jar
2016-04-14 07:01:23.476+0000 INFO  [o.n.k.i.DiagnosticsManager]  [classpath + loader.0] file:/Users/yangnan/.ivy2/cache/org.codehaus.jackson/jackson-core-asl/jars/jackson-core-asl-1.9.11.jar
2016-04-14 07:01:23.476+0000 INFO  [o.n.k.i.DiagnosticsManager]  [bootstrap] /Library/Java/JavaVirtualMachines/jdk1.8.0_25.jdk/Contents/Home/jre/lib/jce.jar
2016-04-14 07:01:23.476+0000 INFO  [o.n.k.i.DiagnosticsManager]  [classpath + loader.0] file:/Users/yangnan/.ivy2/cache/org.eclipse.jetty/jetty-xml/jars/jetty-xml-8.1.14.v20131031.jar
2016-04-14 07:01:23.476+0000 INFO  [o.n.k.i.DiagnosticsManager]  [classpath + loader.0] file:/Users/yangnan/.ivy2/cache/com.typesafe/ssl-config-core_2.11/bundles/ssl-config-core_2.11-0.1.3.jar
2016-04-14 07:01:23.476+0000 INFO  [o.n.k.i.DiagnosticsManager]  [classpath + loader.0] file:/Users/yangnan/.ivy2/cache/commons-io/commons-io/jars/commons-io-2.4.jar
2016-04-14 07:01:23.476+0000 INFO  [o.n.k.i.DiagnosticsManager]  [classpath + loader.0] file:/Users/yangnan/.ivy2/cache/org.eclipse.jetty/jetty-io/jars/jetty-io-8.1.14.v20131031.jar
2016-04-14 07:01:23.476+0000 INFO  [o.n.k.i.DiagnosticsManager]  [classpath + loader.0] file:/Users/yangnan/.ivy2/cache/com.sun.jersey.contribs/jersey-guice/jars/jersey-guice-1.9.jar
2016-04-14 07:01:23.476+0000 INFO  [o.n.k.i.DiagnosticsManager]  [classpath + loader.0] file:/Users/yangnan/.ivy2/cache/org.reactivestreams/reactive-streams/jars/reactive-streams-1.0.0.jar
2016-04-14 07:01:23.476+0000 INFO  [o.n.k.i.DiagnosticsManager]  [classpath + loader.0] file:/Users/yangnan/.ivy2/cache/org.apache.curator/curator-recipes/bundles/curator-recipes-2.4.0.jar
2016-04-14 07:01:23.476+0000 INFO  [o.n.k.i.DiagnosticsManager]  [classpath + loader.0] file:/Users/yangnan/.ivy2/cache/org.apache.commons/commons-lang3/jars/commons-lang3-3.4.jar
2016-04-14 07:01:23.476+0000 INFO  [o.n.k.i.DiagnosticsManager]  [loader.1] file:/Library/Java/JavaVirtualMachines/jdk1.8.0_25.jdk/Contents/Home/jre/lib/ext/jfxrt.jar
2016-04-14 07:01:23.476+0000 INFO  [o.n.k.i.DiagnosticsManager]  [classpath + loader.0] file:/Users/yangnan/.ivy2/cache/org.apache.spark/spark-catalyst_2.11/jars/spark-catalyst_2.11-1.2.1.jar
2016-04-14 07:01:23.476+0000 INFO  [o.n.k.i.DiagnosticsManager]  [classpath + loader.0] file:/Users/yangnan/.ivy2/cache/org.apache.hadoop/hadoop-mapreduce-client-core/jars/hadoop-mapreduce-client-core-2.2.0.jar
2016-04-14 07:01:23.476+0000 INFO  [o.n.k.i.DiagnosticsManager]  [classpath + loader.0] file:/Users/yangnan/.ivy2/cache/org.spark-project/pyrolite/jars/pyrolite-2.0.1.jar
2016-04-14 07:01:23.476+0000 INFO  [o.n.k.i.DiagnosticsManager]  [classpath + loader.0] file:/Users/yangnan/.ivy2/cache/net.sf.py4j/py4j/jars/py4j-0.8.2.1.jar
2016-04-14 07:01:23.476+0000 INFO  [o.n.k.i.DiagnosticsManager]  [classpath + loader.0] file:/Users/yangnan/.ivy2/cache/org.eclipse.jetty/jetty-server/jars/jetty-server-8.1.14.v20131031.jar
2016-04-14 07:01:23.476+0000 INFO  [o.n.k.i.DiagnosticsManager]  [classpath + loader.0] file:/Users/yangnan/.ivy2/cache/org.apache.hadoop/hadoop-yarn-common/jars/hadoop-yarn-common-2.2.0.jar
2016-04-14 07:01:23.476+0000 INFO  [o.n.k.i.DiagnosticsManager]  [classpath + loader.0] file:/Users/yangnan/.ivy2/cache/org.apache.hadoop/hadoop-annotations/jars/hadoop-annotations-2.2.0.jar
2016-04-14 07:01:23.476+0000 INFO  [o.n.k.i.DiagnosticsManager]  [classpath + loader.0] file:/Users/yangnan/.ivy2/cache/net.jpountz.lz4/lz4/jars/lz4-1.2.0.jar
2016-04-14 07:01:23.476+0000 INFO  [o.n.k.i.DiagnosticsManager]  [classpath + loader.0] file:/Users/yangnan/.ivy2/cache/com.typesafe.play/play-json_2.11/jars/play-json_2.11-2.5.0.jar
2016-04-14 07:01:23.476+0000 INFO  [o.n.k.i.DiagnosticsManager]  [classpath + loader.0] file:/Users/yangnan/.ivy2/cache/commons-collections/commons-collections/jars/commons-collections-3.2.1.jar
2016-04-14 07:01:23.476+0000 INFO  [o.n.k.i.DiagnosticsManager]  [classpath + loader.0] file:/Users/yangnan/.ivy2/cache/com.twitter/parquet-common/jars/parquet-common-1.6.0rc3.jar
2016-04-14 07:01:23.476+0000 INFO  [o.n.k.i.DiagnosticsManager]  [classpath + loader.0] file:/Users/yangnan/.ivy2/cache/org.apache.hadoop/hadoop-yarn-client/jars/hadoop-yarn-client-2.2.0.jar
2016-04-14 07:01:23.476+0000 INFO  [o.n.k.i.DiagnosticsManager]  [classpath + loader.0] file:/Users/yangnan/.ivy2/cache/org.scala-lang.modules/scala-xml_2.11/bundles/scala-xml_2.11-1.0.2.jar
2016-04-14 07:01:23.476+0000 INFO  [o.n.k.i.DiagnosticsManager]  [classpath + loader.0] file:/Users/yangnan/.ivy2/cache/org.eclipse.jetty/jetty-util/jars/jetty-util-8.1.14.v20131031.jar
2016-04-14 07:01:23.476+0000 INFO  [o.n.k.i.DiagnosticsManager]  [classpath + loader.0] file:/Users/yangnan/.ivy2/cache/jline/jline/jars/jline-2.12.jar
2016-04-14 07:01:23.476+0000 INFO  [o.n.k.i.DiagnosticsManager]  [classpath + loader.0] file:/Users/yangnan/.ivy2/cache/org.eclipse.jetty/jetty-webapp/jars/jetty-webapp-8.1.14.v20131031.jar
2016-04-14 07:01:23.476+0000 INFO  [o.n.k.i.DiagnosticsManager]  [classpath + loader.0] file:/Users/yangnan/.ivy2/cache/org.spark-project.akka/akka-actor_2.11/jars/akka-actor_2.11-2.3.4-spark.jar
2016-04-14 07:01:23.476+0000 INFO  [o.n.k.i.DiagnosticsManager]  [classpath + loader.0] file:/Users/yangnan/.ivy2/cache/org.neo4j/neo4j-cypher/jars/neo4j-cypher-2.3.2.jar
2016-04-14 07:01:23.476+0000 INFO  [o.n.k.i.DiagnosticsManager]  [classpath + loader.0] file:/Users/yangnan/.ivy2/cache/org.apache.commons/commons-math/jars/commons-math-2.1.jar
2016-04-14 07:01:23.476+0000 INFO  [o.n.k.i.DiagnosticsManager]  [classpath + loader.0] file:/Users/yangnan/.ivy2/cache/com.clearspring.analytics/stream/jars/stream-2.7.0.jar
2016-04-14 07:01:23.476+0000 INFO  [o.n.k.i.DiagnosticsManager]  [bootstrap] /Users/yangnan/Documents/NEU/4th Semester/7200 BigData in Scala/eclipse/plugins/org.scala-lang.scala-compiler_2.11.7.v20150622-112736-1fbce4612c.jar
2016-04-14 07:01:23.476+0000 INFO  [o.n.k.i.DiagnosticsManager]  [classpath + loader.0] file:/Users/yangnan/.ivy2/cache/com.typesafe.play/play-exceptions/jars/play-exceptions-2.5.0.jar
2016-04-14 07:01:23.476+0000 INFO  [o.n.k.i.DiagnosticsManager]  [classpath + loader.0] file:/Users/yangnan/.ivy2/cache/org.neo4j/neo4j-logging/jars/neo4j-logging-2.3.2.jar
2016-04-14 07:01:23.476+0000 INFO  [o.n.k.i.DiagnosticsManager]  [classpath + loader.0] file:/Users/yangnan/.ivy2/cache/commons-httpclient/commons-httpclient/jars/commons-httpclient-3.1.jar
2016-04-14 07:01:23.476+0000 INFO  [o.n.k.i.DiagnosticsManager]  [classpath + loader.0] file:/Users/yangnan/.ivy2/cache/org.tachyonproject/tachyon/jars/tachyon-0.5.0.jar
2016-04-14 07:01:23.476+0000 INFO  [o.n.k.i.DiagnosticsManager]  [classpath + loader.0] file:/Users/yangnan/.ivy2/cache/org.eclipse.jetty/jetty-jndi/jars/jetty-jndi-8.1.14.v20131031.jar
2016-04-14 07:01:23.476+0000 INFO  [o.n.k.i.DiagnosticsManager]  [classpath + loader.0] file:/Users/yangnan/.ivy2/cache/com.twitter/parquet-jackson/jars/parquet-jackson-1.6.0rc3.jar
2016-04-14 07:01:23.476+0000 INFO  [o.n.k.i.DiagnosticsManager]  [classpath + loader.0] file:/Users/yangnan/.ivy2/cache/org.tachyonproject/tachyon-client/jars/tachyon-client-0.5.0.jar
2016-04-14 07:01:23.476+0000 INFO  [o.n.k.i.DiagnosticsManager]  [classpath + loader.0] file:/Users/yangnan/.ivy2/cache/org.scalatest/scalatest_2.11/jars/scalatest_2.11-2.1.3.jar
2016-04-14 07:01:23.476+0000 INFO  [o.n.k.i.DiagnosticsManager]  [classpath + loader.0] file:/Users/yangnan/.ivy2/cache/org.apache.spark/spark-network-shuffle_2.11/jars/spark-network-shuffle_2.11-1.2.1.jar
2016-04-14 07:01:23.476+0000 INFO  [o.n.k.i.DiagnosticsManager]  [classpath + loader.0] file:/Users/yangnan/.ivy2/cache/com.typesafe/config/bundles/config-1.3.0.jar
2016-04-14 07:01:23.476+0000 INFO  [o.n.k.i.DiagnosticsManager]  [loader.1] file:/Library/Java/JavaVirtualMachines/jdk1.8.0_25.jdk/Contents/Home/jre/lib/ext/zipfs.jar
2016-04-14 07:01:23.476+0000 INFO  [o.n.k.i.DiagnosticsManager]  [classpath + loader.0] file:/Users/yangnan/.ivy2/cache/org.apache.zookeeper/zookeeper/jars/zookeeper-3.4.5.jar
2016-04-14 07:01:23.476+0000 INFO  [o.n.k.i.DiagnosticsManager]  [classpath + loader.0] file:/Users/yangnan/.ivy2/cache/org.slf4j/jul-to-slf4j/jars/jul-to-slf4j-1.7.16.jar
2016-04-14 07:01:23.476+0000 INFO  [o.n.k.i.DiagnosticsManager]  [classpath + loader.0] file:/Users/yangnan/.ivy2/cache/com.typesafe.play/play-functional_2.11/jars/play-functional_2.11-2.5.0.jar
2016-04-14 07:01:23.476+0000 INFO  [o.n.k.i.DiagnosticsManager]  [classpath + loader.0] file:/Users/yangnan/.ivy2/cache/log4j/log4j/bundles/log4j-1.2.17.jar
2016-04-14 07:01:23.476+0000 INFO  [o.n.k.i.DiagnosticsManager]  [classpath + loader.0] file:/Users/yangnan/.ivy2/cache/org.apache.hadoop/hadoop-mapreduce-client-common/jars/hadoop-mapreduce-client-common-2.2.0.jar
2016-04-14 07:01:23.476+0000 INFO  [o.n.k.i.DiagnosticsManager]  [classpath + loader.0] file:/Users/yangnan/.ivy2/cache/com.typesafe.play/play-datacommons_2.11/jars/play-datacommons_2.11-2.5.0.jar
2016-04-14 07:01:23.476+0000 INFO  [o.n.k.i.DiagnosticsManager]  [classpath + loader.0] file:/Users/yangnan/.ivy2/cache/org.neo4j/neo4j-cypher-compiler-2.3/jars/neo4j-cypher-compiler-2.3-2.3.2.jar
2016-04-14 07:01:23.476+0000 INFO  [o.n.k.i.DiagnosticsManager]  [classpath + loader.0] file:/Users/yangnan/.ivy2/cache/com.google.protobuf/protobuf-java/bundles/protobuf-java-2.5.0.jar
2016-04-14 07:01:23.476+0000 INFO  [o.n.k.i.DiagnosticsManager]  [classpath + loader.0] file:/Users/yangnan/.ivy2/cache/org.eclipse.jetty/jetty-continuation/jars/jetty-continuation-8.1.14.v20131031.jar
2016-04-14 07:01:23.476+0000 INFO  [o.n.k.i.DiagnosticsManager]  [classpath + loader.0] file:/Users/yangnan/.ivy2/cache/org.json4s/json4s-jackson_2.11/jars/json4s-jackson_2.11-3.2.10.jar
2016-04-14 07:01:23.476+0000 INFO  [o.n.k.i.DiagnosticsManager]  [classpath + loader.0] file:/Users/yangnan/.ivy2/cache/com.codahale.metrics/metrics-core/bundles/metrics-core-3.0.0.jar
2016-04-14 07:01:23.476+0000 INFO  [o.n.k.i.DiagnosticsManager]  [classpath + loader.0] file:/Users/yangnan/.ivy2/cache/org.facebook4j/facebook4j-core/jars/facebook4j-core-2.4.2.jar
2016-04-14 07:01:23.476+0000 INFO  [o.n.k.i.DiagnosticsManager]  [classpath + loader.0] file:/Users/yangnan/.ivy2/cache/org.apache.lucene/lucene-core/jars/lucene-core-3.6.2.jar
2016-04-14 07:01:23.476+0000 INFO  [o.n.k.i.DiagnosticsManager]  [classpath + loader.0] file:/Users/yangnan/.ivy2/cache/com.fasterxml.jackson.core/jackson-databind/bundles/jackson-databind-2.7.1.jar
2016-04-14 07:01:23.477+0000 INFO  [o.n.k.i.DiagnosticsManager]  [loader.1] file:/Library/Java/JavaVirtualMachines/jdk1.8.0_25.jdk/Contents/Home/jre/lib/ext/itextpdf-5.5.4-sources.jar
2016-04-14 07:01:23.477+0000 INFO  [o.n.k.i.DiagnosticsManager]  [classpath + loader.0] file:/Users/yangnan/.ivy2/cache/org.apache.spark/spark-sql_2.11/jars/spark-sql_2.11-1.2.1.jar
2016-04-14 07:01:23.477+0000 INFO  [o.n.k.i.DiagnosticsManager]  [classpath + loader.0] file:/Users/yangnan/.ivy2/cache/org.neo4j/neo4j-primitive-collections/jars/neo4j-primitive-collections-2.3.2.jar
2016-04-14 07:01:23.477+0000 INFO  [o.n.k.i.DiagnosticsManager] Library path:
2016-04-14 07:01:23.477+0000 INFO  [o.n.k.i.DiagnosticsManager] /Users/yangnan/Library/Java/Extensions
2016-04-14 07:01:23.477+0000 INFO  [o.n.k.i.DiagnosticsManager] /Library/Java/Extensions
2016-04-14 07:01:23.477+0000 INFO  [o.n.k.i.DiagnosticsManager] /Network/Library/Java/Extensions
2016-04-14 07:01:23.477+0000 INFO  [o.n.k.i.DiagnosticsManager] /System/Library/Java/Extensions
2016-04-14 07:01:23.477+0000 INFO  [o.n.k.i.DiagnosticsManager] /usr/lib/java
2016-04-14 07:01:23.477+0000 INFO  [o.n.k.i.DiagnosticsManager] /Users/yangnan/workspace/Final_Project
2016-04-14 07:01:23.477+0000 INFO  [o.n.k.i.DiagnosticsManager] System.properties:
2016-04-14 07:01:23.477+0000 INFO  [o.n.k.i.DiagnosticsManager] sun.boot.library.path = /Library/Java/JavaVirtualMachines/jdk1.8.0_25.jdk/Contents/Home/jre/lib
2016-04-14 07:01:23.477+0000 INFO  [o.n.k.i.DiagnosticsManager] gopherProxySet = false
2016-04-14 07:01:23.477+0000 INFO  [o.n.k.i.DiagnosticsManager] path.separator = :
2016-04-14 07:01:23.477+0000 INFO  [o.n.k.i.DiagnosticsManager] file.encoding.pkg = sun.io
2016-04-14 07:01:23.477+0000 INFO  [o.n.k.i.DiagnosticsManager] user.country = US
2016-04-14 07:01:23.477+0000 INFO  [o.n.k.i.DiagnosticsManager] sun.java.launcher = SUN_STANDARD
2016-04-14 07:01:23.477+0000 INFO  [o.n.k.i.DiagnosticsManager] sun.os.patch.level = unknown
2016-04-14 07:01:23.477+0000 INFO  [o.n.k.i.DiagnosticsManager] user.dir = /Users/yangnan/workspace/Final_Project
2016-04-14 07:01:23.477+0000 INFO  [o.n.k.i.DiagnosticsManager] sun.jnu.encoding = UTF-8
2016-04-14 07:01:23.477+0000 INFO  [o.n.k.i.DiagnosticsManager] sun.nio.ch.bugLevel = 
2016-04-14 07:01:23.477+0000 INFO  [o.n.k.i.DiagnosticsManager] hadoop.home.dir = /Users/yangnan/Documents/hadoop-2.7.1
2016-04-14 07:01:23.478+0000 INFO  [o.n.k.i.DiagnosticsManager] sun.management.compiler = HotSpot 64-Bit Tiered Compilers
2016-04-14 07:01:23.478+0000 INFO  [o.n.k.i.DiagnosticsManager] http.nonProxyHosts = local|*.local|169.254/16|*.169.254/16
2016-04-14 07:01:23.478+0000 INFO  [o.n.k.i.DiagnosticsManager] user.home = /Users/yangnan
2016-04-14 07:01:23.478+0000 INFO  [o.n.k.i.DiagnosticsManager] user.timezone = America/New_York
2016-04-14 07:01:23.478+0000 INFO  [o.n.k.i.DiagnosticsManager] file.encoding = UTF-8
2016-04-14 07:01:23.478+0000 INFO  [o.n.k.i.DiagnosticsManager] user.name = yangnan
2016-04-14 07:01:23.478+0000 INFO  [o.n.k.i.DiagnosticsManager] sun.java.command = main
2016-04-14 07:01:23.478+0000 INFO  [o.n.k.i.DiagnosticsManager] sun.arch.data.model = 64
2016-04-14 07:01:23.478+0000 INFO  [o.n.k.i.DiagnosticsManager] user.language = en
2016-04-14 07:01:23.478+0000 INFO  [o.n.k.i.DiagnosticsManager] awt.toolkit = sun.lwawt.macosx.LWCToolkit
2016-04-14 07:01:23.478+0000 INFO  [o.n.k.i.DiagnosticsManager] file.separator = /
2016-04-14 07:01:23.478+0000 INFO  [o.n.k.i.DiagnosticsManager] sun.io.unicode.encoding = UnicodeBig
2016-04-14 07:01:23.478+0000 INFO  [o.n.k.i.DiagnosticsManager] sun.cpu.endian = little
2016-04-14 07:01:23.478+0000 INFO  [o.n.k.i.DiagnosticsManager] socksNonProxyHosts = local|*.local|169.254/16|*.169.254/16
2016-04-14 07:01:23.478+0000 INFO  [o.n.k.i.DiagnosticsManager] ftp.nonProxyHosts = local|*.local|169.254/16|*.169.254/16
2016-04-14 07:01:23.478+0000 INFO  [o.n.k.i.DiagnosticsManager] sun.cpu.isalist = 
2016-04-14 07:01:23.478+0000 INFO  [o.n.k.i.DiagnosticsManager] Network information:
2016-04-14 07:01:23.478+0000 INFO  [o.n.k.i.DiagnosticsManager] Interface awdl0:
2016-04-14 07:01:23.478+0000 INFO  [o.n.k.i.DiagnosticsManager]     address: fe80:0:0:0:6cb5:99ff:fe37:6d29%awdl0
2016-04-14 07:01:23.478+0000 INFO  [o.n.k.i.DiagnosticsManager] Interface en0:
2016-04-14 07:01:23.479+0000 INFO  [o.n.k.i.DiagnosticsManager]     address: 2601:182:c800:2a5e:ad9c:860f:c138:6fcf
2016-04-14 07:01:23.479+0000 INFO  [o.n.k.i.DiagnosticsManager]     address: 2601:182:c800:2a5e:3e15:c2ff:fee2:4cfa
2016-04-14 07:01:23.479+0000 INFO  [o.n.k.i.DiagnosticsManager]     address: fe80:0:0:0:3e15:c2ff:fee2:4cfa%en0
2016-04-14 07:01:23.479+0000 INFO  [o.n.k.i.DiagnosticsManager]     address: 10.0.0.52
2016-04-14 07:01:23.479+0000 INFO  [o.n.k.i.DiagnosticsManager] Interface lo0:
2016-04-14 07:01:23.479+0000 INFO  [o.n.k.i.DiagnosticsManager]     address: fe80:0:0:0:0:0:0:1%lo0
2016-04-14 07:01:23.479+0000 INFO  [o.n.k.i.DiagnosticsManager]     address: 0:0:0:0:0:0:0:1
2016-04-14 07:01:23.479+0000 INFO  [o.n.k.i.DiagnosticsManager]     address: 127.0.0.1
2016-04-14 07:01:23.479+0000 INFO  [o.n.k.i.DiagnosticsManager] --- INITIALIZED diagnostics END ---
2016-04-14 07:01:23.939+0000 INFO  [o.n.k.a.i.i.LuceneLabelScanStore] No lucene scan store index found, this might just be first use. Preparing to rebuild.
2016-04-14 07:01:24.036+0000 INFO  [o.n.k.NeoStoreDataSource] Opened logical log [/Users/yangnan/workspace/Final_Project/graph/neostore.transaction.db.0] version=0, lastTxId=1 (clean)
2016-04-14 07:01:24.049+0000 WARN  [o.n.k.i.s.MetaDataStore] Missing counts store, rebuilding it.
2016-04-14 07:01:24.175+0000 INFO  [o.n.k.a.i.i.LuceneLabelScanStore] Rebuilding lucene scan store, this may take a while
2016-04-14 07:01:24.177+0000 INFO  [o.n.k.a.i.i.LuceneLabelScanStore] Lucene scan store rebuilt (roughly -1 nodes)
2016-04-14 07:01:24.186+0000 INFO  [o.n.k.KernelHealth] Kernel health set to OK
2016-04-14 07:01:24.242+0000 INFO  [o.n.k.AvailabilityGuard] Fulfilling of requirement makes database available: Database available
2016-04-14 07:01:24.243+0000 INFO  [o.n.k.i.f.CommunityFacadeFactory] Database is now ready
2016-04-14 07:01:24.244+0000 INFO  [o.n.k.i.DiagnosticsManager] --- STARTED diagnostics for KernelDiagnostics:Versions START ---
2016-04-14 07:01:24.245+0000 INFO  [o.n.k.i.DiagnosticsManager] Graph Database: Community StoreId{creationTime=1460617283730, randomId=4887510020071596981, storeVersion=15250506225055238, upgradeTime=1460617283730, upgradeId=1}
2016-04-14 07:01:24.245+0000 INFO  [o.n.k.i.DiagnosticsManager] Kernel version: 2.3.2,30a48a0
2016-04-14 07:01:24.245+0000 INFO  [o.n.k.i.DiagnosticsManager] --- STARTED diagnostics for KernelDiagnostics:Versions END ---
2016-04-14 07:01:24.247+0000 INFO  [o.n.k.i.DiagnosticsManager] --- STARTED diagnostics for NEO_STORE_VERSIONS START ---
2016-04-14 07:01:24.247+0000 INFO  [o.n.k.i.DiagnosticsManager] Store versions:
2016-04-14 07:01:24.247+0000 INFO  [o.n.k.i.DiagnosticsManager] Store versions:
2016-04-14 07:01:24.247+0000 INFO  [o.n.k.i.DiagnosticsManager] ArrayPropertyStore v0.A.6
2016-04-14 07:01:24.247+0000 INFO  [o.n.k.i.DiagnosticsManager] NodeStore v0.A.6
2016-04-14 07:01:24.247+0000 INFO  [o.n.k.i.DiagnosticsManager] StringPropertyStore v0.A.6
2016-04-14 07:01:24.247+0000 INFO  [o.n.k.i.DiagnosticsManager] PropertyIndexStore v0.A.6
2016-04-14 07:01:24.247+0000 INFO  [o.n.k.i.DiagnosticsManager] StringPropertyStore v0.A.6
2016-04-14 07:01:24.247+0000 INFO  [o.n.k.i.DiagnosticsManager] ArrayPropertyStore v0.A.6
2016-04-14 07:01:24.247+0000 INFO  [o.n.k.i.DiagnosticsManager] PropertyStore v0.A.6
2016-04-14 07:01:24.248+0000 INFO  [o.n.k.i.DiagnosticsManager] RelationshipStore v0.A.6
2016-04-14 07:01:24.248+0000 INFO  [o.n.k.i.DiagnosticsManager] StringPropertyStore v0.A.6
2016-04-14 07:01:24.248+0000 INFO  [o.n.k.i.DiagnosticsManager] RelationshipTypeStore v0.A.6
2016-04-14 07:01:24.248+0000 INFO  [o.n.k.i.DiagnosticsManager] StringPropertyStore v0.A.6
2016-04-14 07:01:24.248+0000 INFO  [o.n.k.i.DiagnosticsManager] LabelTokenStore v0.A.6
2016-04-14 07:01:24.248+0000 INFO  [o.n.k.i.DiagnosticsManager] SchemaStore v0.A.6
2016-04-14 07:01:24.248+0000 INFO  [o.n.k.i.DiagnosticsManager] RelationshipGroupStore v0.A.6
2016-04-14 07:01:24.248+0000 INFO  [o.n.k.i.DiagnosticsManager] NeoStore v0.A.6
2016-04-14 07:01:24.248+0000 INFO  [o.n.k.i.DiagnosticsManager] --- STARTED diagnostics for NEO_STORE_VERSIONS END ---
2016-04-14 07:01:24.248+0000 INFO  [o.n.k.i.DiagnosticsManager] --- STARTED diagnostics for NEO_STORE_ID_USAGE START ---
2016-04-14 07:01:24.248+0000 INFO  [o.n.k.i.DiagnosticsManager] Id usage:
2016-04-14 07:01:24.248+0000 INFO  [o.n.k.i.DiagnosticsManager] Id usage:
2016-04-14 07:01:24.248+0000 INFO  [o.n.k.i.DiagnosticsManager]   ArrayPropertyStore v0.A.6: used=1 high=0
2016-04-14 07:01:24.248+0000 INFO  [o.n.k.i.DiagnosticsManager]   NodeStore v0.A.6: used=0 high=-1
2016-04-14 07:01:24.248+0000 INFO  [o.n.k.i.DiagnosticsManager]   StringPropertyStore v0.A.6: used=1 high=0
2016-04-14 07:01:24.248+0000 INFO  [o.n.k.i.DiagnosticsManager]   PropertyIndexStore v0.A.6: used=0 high=-1
2016-04-14 07:01:24.248+0000 INFO  [o.n.k.i.DiagnosticsManager]   StringPropertyStore v0.A.6: used=1 high=0
2016-04-14 07:01:24.248+0000 INFO  [o.n.k.i.DiagnosticsManager]   ArrayPropertyStore v0.A.6: used=1 high=0
2016-04-14 07:01:24.248+0000 INFO  [o.n.k.i.DiagnosticsManager]   PropertyStore v0.A.6: used=0 high=-1
2016-04-14 07:01:24.248+0000 INFO  [o.n.k.i.DiagnosticsManager]   RelationshipStore v0.A.6: used=0 high=-1
2016-04-14 07:01:24.248+0000 INFO  [o.n.k.i.DiagnosticsManager]   StringPropertyStore v0.A.6: used=1 high=0
2016-04-14 07:01:24.248+0000 INFO  [o.n.k.i.DiagnosticsManager]   RelationshipTypeStore v0.A.6: used=0 high=-1
2016-04-14 07:01:24.248+0000 INFO  [o.n.k.i.DiagnosticsManager]   StringPropertyStore v0.A.6: used=1 high=0
2016-04-14 07:01:24.248+0000 INFO  [o.n.k.i.DiagnosticsManager]   LabelTokenStore v0.A.6: used=0 high=-1
2016-04-14 07:01:24.248+0000 INFO  [o.n.k.i.DiagnosticsManager]   SchemaStore v0.A.6: used=1 high=0
2016-04-14 07:01:24.248+0000 INFO  [o.n.k.i.DiagnosticsManager]   RelationshipGroupStore v0.A.6: used=1 high=0
2016-04-14 07:01:24.248+0000 INFO  [o.n.k.i.DiagnosticsManager]   NeoStore v0.A.6: used=13 high=12
2016-04-14 07:01:24.248+0000 INFO  [o.n.k.i.DiagnosticsManager] --- STARTED diagnostics for NEO_STORE_ID_USAGE END ---
2016-04-14 07:01:24.248+0000 INFO  [o.n.k.i.DiagnosticsManager] --- STARTED diagnostics for NEO_STORE_RECORDS START ---
2016-04-14 07:01:24.249+0000 INFO  [o.n.k.i.DiagnosticsManager] Neostore records:
2016-04-14 07:01:24.249+0000 INFO  [o.n.k.i.DiagnosticsManager] TIME (Creation time): 1460617283730
2016-04-14 07:01:24.249+0000 INFO  [o.n.k.i.DiagnosticsManager] RANDOM_NUMBER (Random number for store id): 4887510020071596981
2016-04-14 07:01:24.249+0000 INFO  [o.n.k.i.DiagnosticsManager] LOG_VERSION (Current log version): 0
2016-04-14 07:01:24.249+0000 INFO  [o.n.k.i.DiagnosticsManager] LAST_TRANSACTION_ID (Last committed transaction): 1
2016-04-14 07:01:24.249+0000 INFO  [o.n.k.i.DiagnosticsManager] STORE_VERSION (Store format version): 15250506225055238
2016-04-14 07:01:24.249+0000 INFO  [o.n.k.i.DiagnosticsManager] FIRST_GRAPH_PROPERTY (First property record containing graph properties): -1
2016-04-14 07:01:24.249+0000 INFO  [o.n.k.i.DiagnosticsManager] LAST_CONSTRAINT_TRANSACTION (Last committed transaction containing constraint changes): 0
2016-04-14 07:01:24.249+0000 INFO  [o.n.k.i.DiagnosticsManager] UPGRADE_TRANSACTION_ID (Transaction id most recent upgrade was performed at): 1
2016-04-14 07:01:24.249+0000 INFO  [o.n.k.i.DiagnosticsManager] UPGRADE_TIME (Time of last upgrade): 1460617283730
2016-04-14 07:01:24.249+0000 INFO  [o.n.k.i.DiagnosticsManager] LAST_TRANSACTION_CHECKSUM (Checksum of last committed transaction): 0
2016-04-14 07:01:24.249+0000 INFO  [o.n.k.i.DiagnosticsManager] UPGRADE_TRANSACTION_CHECKSUM (Checksum of transaction id the most recent upgrade was performed at): 0
2016-04-14 07:01:24.249+0000 INFO  [o.n.k.i.DiagnosticsManager] LAST_CLOSED_TRANSACTION_LOG_VERSION (Log version where the last transaction commit entry has been written into): 0
2016-04-14 07:01:24.250+0000 INFO  [o.n.k.i.DiagnosticsManager] LAST_CLOSED_TRANSACTION_LOG_BYTE_OFFSET (Byte offset in the log file where the last transaction commit entry has been written into): 16
2016-04-14 07:01:24.250+0000 INFO  [o.n.k.i.DiagnosticsManager] --- STARTED diagnostics for NEO_STORE_RECORDS END ---
2016-04-14 07:01:24.250+0000 INFO  [o.n.k.i.DiagnosticsManager] --- STARTED diagnostics for TRANSACTION_RANGE START ---
2016-04-14 07:01:24.250+0000 INFO  [o.n.k.i.DiagnosticsManager] Transaction log:
2016-04-14 07:01:24.250+0000 INFO  [o.n.k.i.DiagnosticsManager] No transactions found in any log
2016-04-14 07:01:24.250+0000 INFO  [o.n.k.i.DiagnosticsManager] --- STARTED diagnostics for TRANSACTION_RANGE END ---
2016-04-14 07:01:24.251+0000 INFO  [o.n.k.i.DiagnosticsManager] --- STARTED diagnostics for KernelDiagnostics:StoreFiles START ---
2016-04-14 07:01:24.251+0000 INFO  [o.n.k.i.DiagnosticsManager] Disk space on partition (Total / Free / Free %): 120108089344 / 26956324864 / 22
Storage files: (filename : modification date - size)
2016-04-14 07:01:24.252+0000 INFO  [o.n.k.i.DiagnosticsManager]   index:
2016-04-14 07:01:24.252+0000 INFO  [o.n.k.i.DiagnosticsManager]   - Total: 2016-04-14T03:01:23-0400 - 0.00 B
2016-04-14 07:01:24.252+0000 INFO  [o.n.k.i.DiagnosticsManager]   messages.log: 2016-04-14T03:01:24-0400 - 59.45 kB
2016-04-14 07:01:24.252+0000 INFO  [o.n.k.i.DiagnosticsManager]   neostore: 2016-04-14T03:01:23-0400 - 8.00 kB
2016-04-14 07:01:24.252+0000 INFO  [o.n.k.i.DiagnosticsManager]   neostore.counts.db.a: 2016-04-14T03:01:24-0400 - 96.00 B
2016-04-14 07:01:24.252+0000 INFO  [o.n.k.i.DiagnosticsManager]   neostore.id: 2016-04-14T03:01:23-0400 - 9.00 B
2016-04-14 07:01:24.252+0000 INFO  [o.n.k.i.DiagnosticsManager]   neostore.labeltokenstore.db: 2016-04-14T03:01:23-0400 - 0.00 B
2016-04-14 07:01:24.252+0000 INFO  [o.n.k.i.DiagnosticsManager]   neostore.labeltokenstore.db.id: 2016-04-14T03:01:23-0400 - 9.00 B
2016-04-14 07:01:24.252+0000 INFO  [o.n.k.i.DiagnosticsManager]   neostore.labeltokenstore.db.names: 2016-04-14T03:01:23-0400 - 8.00 kB
2016-04-14 07:01:24.252+0000 INFO  [o.n.k.i.DiagnosticsManager]   neostore.labeltokenstore.db.names.id: 2016-04-14T03:01:23-0400 - 9.00 B
2016-04-14 07:01:24.252+0000 INFO  [o.n.k.i.DiagnosticsManager]   neostore.nodestore.db: 2016-04-14T03:01:23-0400 - 0.00 B
2016-04-14 07:01:24.252+0000 INFO  [o.n.k.i.DiagnosticsManager]   neostore.nodestore.db.id: 2016-04-14T03:01:23-0400 - 9.00 B
2016-04-14 07:01:24.252+0000 INFO  [o.n.k.i.DiagnosticsManager]   neostore.nodestore.db.labels: 2016-04-14T03:01:23-0400 - 8.00 kB
2016-04-14 07:01:24.253+0000 INFO  [o.n.k.i.DiagnosticsManager]   neostore.nodestore.db.labels.id: 2016-04-14T03:01:23-0400 - 9.00 B
2016-04-14 07:01:24.253+0000 INFO  [o.n.k.i.DiagnosticsManager]   neostore.propertystore.db: 2016-04-14T03:01:23-0400 - 0.00 B
2016-04-14 07:01:24.253+0000 INFO  [o.n.k.i.DiagnosticsManager]   neostore.propertystore.db.arrays: 2016-04-14T03:01:23-0400 - 8.00 kB
2016-04-14 07:01:24.253+0000 INFO  [o.n.k.i.DiagnosticsManager]   neostore.propertystore.db.arrays.id: 2016-04-14T03:01:23-0400 - 9.00 B
2016-04-14 07:01:24.253+0000 INFO  [o.n.k.i.DiagnosticsManager]   neostore.propertystore.db.id: 2016-04-14T03:01:23-0400 - 9.00 B
2016-04-14 07:01:24.253+0000 INFO  [o.n.k.i.DiagnosticsManager]   neostore.propertystore.db.index: 2016-04-14T03:01:23-0400 - 0.00 B
2016-04-14 07:01:24.253+0000 INFO  [o.n.k.i.DiagnosticsManager]   neostore.propertystore.db.index.id: 2016-04-14T03:01:23-0400 - 9.00 B
2016-04-14 07:01:24.253+0000 INFO  [o.n.k.i.DiagnosticsManager]   neostore.propertystore.db.index.keys: 2016-04-14T03:01:23-0400 - 8.00 kB
2016-04-14 07:01:24.253+0000 INFO  [o.n.k.i.DiagnosticsManager]   neostore.propertystore.db.index.keys.id: 2016-04-14T03:01:23-0400 - 9.00 B
2016-04-14 07:01:24.253+0000 INFO  [o.n.k.i.DiagnosticsManager]   neostore.propertystore.db.strings: 2016-04-14T03:01:23-0400 - 8.00 kB
2016-04-14 07:01:24.253+0000 INFO  [o.n.k.i.DiagnosticsManager]   neostore.propertystore.db.strings.id: 2016-04-14T03:01:23-0400 - 9.00 B
2016-04-14 07:01:24.253+0000 INFO  [o.n.k.i.DiagnosticsManager]   neostore.relationshipgroupstore.db: 2016-04-14T03:01:23-0400 - 8.00 kB
2016-04-14 07:01:24.253+0000 INFO  [o.n.k.i.DiagnosticsManager]   neostore.relationshipgroupstore.db.id: 2016-04-14T03:01:23-0400 - 9.00 B
2016-04-14 07:01:24.253+0000 INFO  [o.n.k.i.DiagnosticsManager]   neostore.relationshipstore.db: 2016-04-14T03:01:23-0400 - 0.00 B
2016-04-14 07:01:24.253+0000 INFO  [o.n.k.i.DiagnosticsManager]   neostore.relationshipstore.db.id: 2016-04-14T03:01:23-0400 - 9.00 B
2016-04-14 07:01:24.253+0000 INFO  [o.n.k.i.DiagnosticsManager]   neostore.relationshiptypestore.db: 2016-04-14T03:01:23-0400 - 0.00 B
2016-04-14 07:01:24.253+0000 INFO  [o.n.k.i.DiagnosticsManager]   neostore.relationshiptypestore.db.id: 2016-04-14T03:01:23-0400 - 9.00 B
2016-04-14 07:01:24.253+0000 INFO  [o.n.k.i.DiagnosticsManager]   neostore.relationshiptypestore.db.names: 2016-04-14T03:01:23-0400 - 8.00 kB
2016-04-14 07:01:24.253+0000 INFO  [o.n.k.i.DiagnosticsManager]   neostore.relationshiptypestore.db.names.id: 2016-04-14T03:01:23-0400 - 9.00 B
2016-04-14 07:01:24.253+0000 INFO  [o.n.k.i.DiagnosticsManager]   neostore.schemastore.db: 2016-04-14T03:01:23-0400 - 8.00 kB
2016-04-14 07:01:24.254+0000 INFO  [o.n.k.i.DiagnosticsManager]   neostore.schemastore.db.id: 2016-04-14T03:01:23-0400 - 9.00 B
2016-04-14 07:01:24.254+0000 INFO  [o.n.k.i.DiagnosticsManager]   neostore.transaction.db.0: 2016-04-14T03:01:24-0400 - 16.00 B
2016-04-14 07:01:24.254+0000 INFO  [o.n.k.i.DiagnosticsManager]   schema:
2016-04-14 07:01:24.254+0000 INFO  [o.n.k.i.DiagnosticsManager]     label:
2016-04-14 07:01:24.254+0000 INFO  [o.n.k.i.DiagnosticsManager]       lucene:
2016-04-14 07:01:24.254+0000 INFO  [o.n.k.i.DiagnosticsManager]         write.lock: 2016-04-14T03:01:24-0400 - 0.00 B
2016-04-14 07:01:24.254+0000 INFO  [o.n.k.i.DiagnosticsManager]       - Total: 2016-04-14T03:01:24-0400 - 0.00 B
2016-04-14 07:01:24.254+0000 INFO  [o.n.k.i.DiagnosticsManager]     - Total: 2016-04-14T03:01:23-0400 - 0.00 B
2016-04-14 07:01:24.254+0000 INFO  [o.n.k.i.DiagnosticsManager]   - Total: 2016-04-14T03:01:23-0400 - 0.00 B
2016-04-14 07:01:24.254+0000 INFO  [o.n.k.i.DiagnosticsManager]   store_lock: 2016-04-14T03:01:23-0400 - 0.00 B
2016-04-14 07:01:24.254+0000 INFO  [o.n.k.i.DiagnosticsManager] --- STARTED diagnostics for KernelDiagnostics:StoreFiles END ---
2016-04-14 07:01:25.818+0000 WARN  [o.n.k.i.c.MonitorGc] GC Monitor: Application threads blocked for 233ms.
2016-04-14 07:06:24.278+0000 INFO  [o.n.k.i.t.l.c.CheckPointerImpl] Check Pointing triggered by scheduler for time threshold [30505]:  Starting check pointing...
2016-04-14 07:06:24.286+0000 INFO  [o.n.k.i.t.l.c.CheckPointerImpl] Check Pointing triggered by scheduler for time threshold [30505]:  Starting store flush...
2016-04-14 07:06:24.390+0000 INFO  [o.n.k.i.s.c.CountsTracker] About to rotate counts store at transaction 30505 to [/Users/yangnan/workspace/Final_Project/graph/neostore.counts.db.b], from [/Users/yangnan/workspace/Final_Project/graph/neostore.counts.db.a].
2016-04-14 07:06:24.768+0000 INFO  [o.n.k.i.s.c.CountsTracker] Successfully rotated counts store at transaction 30505 to [/Users/yangnan/workspace/Final_Project/graph/neostore.counts.db.b], from [/Users/yangnan/workspace/Final_Project/graph/neostore.counts.db.a].
2016-04-14 07:06:24.792+0000 INFO  [o.n.k.i.t.l.c.CheckPointerImpl] Check Pointing triggered by scheduler for time threshold [30505]:  Store flush completed
2016-04-14 07:06:24.792+0000 INFO  [o.n.k.i.t.l.c.CheckPointerImpl] Check Pointing triggered by scheduler for time threshold [30505]:  Starting appending check point entry into the tx log...
2016-04-14 07:06:24.798+0000 INFO  [o.n.k.i.t.l.c.CheckPointerImpl] Check Pointing triggered by scheduler for time threshold [30505]:  Appending check point entry into the tx log completed
2016-04-14 07:06:24.798+0000 INFO  [o.n.k.i.t.l.c.CheckPointerImpl] Check Pointing triggered by scheduler for time threshold [30505]:  Check pointing completed
2016-04-14 07:06:24.799+0000 INFO  [o.n.k.i.t.l.p.LogPruningImpl] Log Rotation [0]:  Starting log pruning.
2016-04-14 07:06:24.799+0000 INFO  [o.n.k.i.t.l.p.LogPruningImpl] Log Rotation [0]:  Log pruning complete.
2016-04-14 07:11:24.908+0000 INFO  [o.n.k.i.t.l.c.CheckPointerImpl] Check Pointing triggered by scheduler for time threshold [48755]:  Starting check pointing...
2016-04-14 07:11:24.908+0000 INFO  [o.n.k.i.t.l.c.CheckPointerImpl] Check Pointing triggered by scheduler for time threshold [48755]:  Starting store flush...
2016-04-14 07:11:24.990+0000 INFO  [o.n.k.i.s.c.CountsTracker] About to rotate counts store at transaction 48756 to [/Users/yangnan/workspace/Final_Project/graph/neostore.counts.db.a], from [/Users/yangnan/workspace/Final_Project/graph/neostore.counts.db.b].
2016-04-14 07:11:25.730+0000 INFO  [o.n.k.i.s.c.CountsTracker] Successfully rotated counts store at transaction 48756 to [/Users/yangnan/workspace/Final_Project/graph/neostore.counts.db.a], from [/Users/yangnan/workspace/Final_Project/graph/neostore.counts.db.b].
2016-04-14 07:11:25.771+0000 INFO  [o.n.k.i.t.l.c.CheckPointerImpl] Check Pointing triggered by scheduler for time threshold [48755]:  Store flush completed
2016-04-14 07:11:25.771+0000 INFO  [o.n.k.i.t.l.c.CheckPointerImpl] Check Pointing triggered by scheduler for time threshold [48755]:  Starting appending check point entry into the tx log...
2016-04-14 07:11:25.771+0000 INFO  [o.n.k.i.t.l.c.CheckPointerImpl] Check Pointing triggered by scheduler for time threshold [48755]:  Appending check point entry into the tx log completed
2016-04-14 07:11:25.771+0000 INFO  [o.n.k.i.t.l.c.CheckPointerImpl] Check Pointing triggered by scheduler for time threshold [48755]:  Check pointing completed
2016-04-14 07:11:25.771+0000 INFO  [o.n.k.i.t.l.p.LogPruningImpl] Log Rotation [0]:  Starting log pruning.
2016-04-14 07:11:25.771+0000 INFO  [o.n.k.i.t.l.p.LogPruningImpl] Log Rotation [0]:  Log pruning complete.
2016-04-14 07:15:26.538+0000 WARN  [o.n.k.i.c.MonitorGc] GC Monitor: Application threads blocked for 492ms.
2016-04-14 07:16:25.901+0000 INFO  [o.n.k.i.t.l.c.CheckPointerImpl] Check Pointing triggered by scheduler for time threshold [62635]:  Starting check pointing...
2016-04-14 07:16:25.902+0000 INFO  [o.n.k.i.t.l.c.CheckPointerImpl] Check Pointing triggered by scheduler for time threshold [62635]:  Starting store flush...
2016-04-14 07:16:26.034+0000 INFO  [o.n.k.i.s.c.CountsTracker] About to rotate counts store at transaction 62636 to [/Users/yangnan/workspace/Final_Project/graph/neostore.counts.db.b], from [/Users/yangnan/workspace/Final_Project/graph/neostore.counts.db.a].
2016-04-14 07:16:26.700+0000 INFO  [o.n.k.i.s.c.CountsTracker] Successfully rotated counts store at transaction 62636 to [/Users/yangnan/workspace/Final_Project/graph/neostore.counts.db.b], from [/Users/yangnan/workspace/Final_Project/graph/neostore.counts.db.a].
2016-04-14 07:16:26.764+0000 INFO  [o.n.k.i.t.l.c.CheckPointerImpl] Check Pointing triggered by scheduler for time threshold [62635]:  Store flush completed
2016-04-14 07:16:26.765+0000 INFO  [o.n.k.i.t.l.c.CheckPointerImpl] Check Pointing triggered by scheduler for time threshold [62635]:  Starting appending check point entry into the tx log...
2016-04-14 07:16:26.765+0000 INFO  [o.n.k.i.t.l.c.CheckPointerImpl] Check Pointing triggered by scheduler for time threshold [62635]:  Appending check point entry into the tx log completed
2016-04-14 07:16:26.765+0000 INFO  [o.n.k.i.t.l.c.CheckPointerImpl] Check Pointing triggered by scheduler for time threshold [62635]:  Check pointing completed
2016-04-14 07:16:26.765+0000 INFO  [o.n.k.i.t.l.p.LogPruningImpl] Log Rotation [0]:  Starting log pruning.
2016-04-14 07:16:26.765+0000 INFO  [o.n.k.i.t.l.p.LogPruningImpl] Log Rotation [0]:  Log pruning complete.
2016-04-14 07:21:26.870+0000 INFO  [o.n.k.i.t.l.c.CheckPointerImpl] Check Pointing triggered by scheduler for time threshold [75397]:  Starting check pointing...
2016-04-14 07:21:26.871+0000 INFO  [o.n.k.i.t.l.c.CheckPointerImpl] Check Pointing triggered by scheduler for time threshold [75397]:  Starting store flush...
2016-04-14 07:21:26.992+0000 INFO  [o.n.k.i.s.c.CountsTracker] About to rotate counts store at transaction 75398 to [/Users/yangnan/workspace/Final_Project/graph/neostore.counts.db.a], from [/Users/yangnan/workspace/Final_Project/graph/neostore.counts.db.b].
2016-04-14 07:21:27.778+0000 INFO  [o.n.k.i.s.c.CountsTracker] Successfully rotated counts store at transaction 75398 to [/Users/yangnan/workspace/Final_Project/graph/neostore.counts.db.a], from [/Users/yangnan/workspace/Final_Project/graph/neostore.counts.db.b].
2016-04-14 07:21:27.840+0000 INFO  [o.n.k.i.t.l.c.CheckPointerImpl] Check Pointing triggered by scheduler for time threshold [75397]:  Store flush completed
2016-04-14 07:21:27.841+0000 INFO  [o.n.k.i.t.l.c.CheckPointerImpl] Check Pointing triggered by scheduler for time threshold [75397]:  Starting appending check point entry into the tx log...
2016-04-14 07:21:27.841+0000 INFO  [o.n.k.i.t.l.c.CheckPointerImpl] Check Pointing triggered by scheduler for time threshold [75397]:  Appending check point entry into the tx log completed
2016-04-14 07:21:27.841+0000 INFO  [o.n.k.i.t.l.c.CheckPointerImpl] Check Pointing triggered by scheduler for time threshold [75397]:  Check pointing completed
2016-04-14 07:21:27.841+0000 INFO  [o.n.k.i.t.l.p.LogPruningImpl] Log Rotation [0]:  Starting log pruning.
2016-04-14 07:21:27.844+0000 INFO  [o.n.k.i.t.l.p.LogPruningImpl] Log Rotation [0]:  Log pruning complete.
2016-04-14 07:24:03.958+0000 WARN  [o.n.k.i.c.MonitorGc] GC Monitor: Application threads blocked for 298ms.
2016-04-14 07:25:53.854+0000 WARN  [o.n.k.i.c.MonitorGc] GC Monitor: Application threads blocked for 249ms.
2016-04-14 07:26:27.944+0000 INFO  [o.n.k.i.t.l.c.CheckPointerImpl] Check Pointing triggered by scheduler for time threshold [87435]:  Starting check pointing...
2016-04-14 07:26:27.944+0000 INFO  [o.n.k.i.t.l.c.CheckPointerImpl] Check Pointing triggered by scheduler for time threshold [87435]:  Starting store flush...
2016-04-14 07:26:28.015+0000 INFO  [o.n.k.i.s.c.CountsTracker] About to rotate counts store at transaction 87435 to [/Users/yangnan/workspace/Final_Project/graph/neostore.counts.db.b], from [/Users/yangnan/workspace/Final_Project/graph/neostore.counts.db.a].
2016-04-14 07:26:28.978+0000 INFO  [o.n.k.i.s.c.CountsTracker] Successfully rotated counts store at transaction 87435 to [/Users/yangnan/workspace/Final_Project/graph/neostore.counts.db.b], from [/Users/yangnan/workspace/Final_Project/graph/neostore.counts.db.a].
2016-04-14 07:26:29.045+0000 INFO  [o.n.k.i.t.l.c.CheckPointerImpl] Check Pointing triggered by scheduler for time threshold [87435]:  Store flush completed
2016-04-14 07:26:29.045+0000 INFO  [o.n.k.i.t.l.c.CheckPointerImpl] Check Pointing triggered by scheduler for time threshold [87435]:  Starting appending check point entry into the tx log...
2016-04-14 07:26:29.045+0000 INFO  [o.n.k.i.t.l.c.CheckPointerImpl] Check Pointing triggered by scheduler for time threshold [87435]:  Appending check point entry into the tx log completed
2016-04-14 07:26:29.045+0000 INFO  [o.n.k.i.t.l.c.CheckPointerImpl] Check Pointing triggered by scheduler for time threshold [87435]:  Check pointing completed
2016-04-14 07:26:29.045+0000 INFO  [o.n.k.i.t.l.p.LogPruningImpl] Log Rotation [0]:  Starting log pruning.
2016-04-14 07:26:29.045+0000 INFO  [o.n.k.i.t.l.p.LogPruningImpl] Log Rotation [0]:  Log pruning complete.
2016-04-14 07:26:51.448+0000 WARN  [o.n.k.i.c.MonitorGc] GC Monitor: Application threads blocked for 260ms.
2016-04-14 07:28:15.042+0000 WARN  [o.n.k.i.c.MonitorGc] GC Monitor: Application threads blocked for 306ms.
